{"meta": {"format": 3, "version": "7.14.1", "timestamp": "2026-06-15T07:44:37.983791", "branch_coverage": false, "show_contexts": false}, "files": {"add.py": {"executed_lines": [], "summary": {"covered_lines": 0, "num_statements": 2, "percent_covered": 0.0, "percent_covered_display": "0", "missing_lines": 2, "excluded_lines": 0, "percent_statements_covered": 0.0, "percent_statements_covered_display": "0"}, "missing_lines": [1, 3], "excluded_lines": [], "functions": {"add": {"executed_lines": [], "summary": {"covered_lines": 0, "num_statements": 1, "percent_covered": 0.0, "percent_covered_display": "0", "missing_lines": 1, "excluded_lines": 0, "percent_statements_covered": 0.0, "percent_statements_covered_display": "0"}, "missing_lines": [3], "excluded_lines": [], "start_line": 1}, "": {"executed_lines": [], "summary": {"covered_lines": 0, "num_statements": 1, "percent_covered": 0.0, "percent_covered_display": "0", "missing_lines": 1, "excluded_lines": 0, "percent_statements_covered": 0.0, "percent_statements_covered_display": "0"}, "missing_lines": [1], "excluded_lines": [], "start_line": 1}}, "classes": {"": {"executed_lines": [], "summary": {"covered_lines": 0, "num_statements": 2, "percent_covered": 0.0, "percent_covered_display": "0", "missing_lines": 2, "excluded_lines": 0, "percent_statements_covered": 0.0, "percent_statements_covered_display": "0"}, "missing_lines": [1, 3], "excluded_lines": [], "start_line": 1}}}, "brain_ai_wrapper.py": {"executed_lines": [7, 8, 9, 10, 11, 12, 15, 19, 21, 22, 23, 26, 27, 31, 52, 70, 85, 103, 124, 127, 131, 149, 153, 157, 163, 176, 185, 196], "summary": {"covered_lines": 28, "num_statements": 99, "percent_covered": 28.282828282828284, "percent_covered_display": "28", "missing_lines": 71, "excluded_lines": 0, "percent_statements_covered": 28.282828282828284, "percent_statements_covered_display": "28"}, "missing_lines": [28, 29, 33, 35, 36, 37, 39, 46, 47, 48, 50, 54, 68, 72, 83, 87, 98, 99, 100, 101, 105, 121, 128, 129, 133, 134, 142, 143, 144, 146, 147, 151, 155, 159, 160, 161, 165, 173, 174, 178, 179, 180, 181, 183, 187, 188, 189, 190, 192, 197, 199, 200, 201, 203, 205, 206, 207, 209, 210, 211, 213, 214, 215, 217, 218, 219, 220, 222, 223, 224, 225], "excluded_lines": [], "functions": {"BrainAI.__init__": {"executed_lines": [], "summary": {"covered_lines": 0, "num_statements": 2, "percent_covered": 0.0, "percent_covered_display": "0", "missing_lines": 2, "excluded_lines": 0, "percent_statements_covered": 0.0, "percent_statements_covered_display": "0"}, "missing_lines": [28, 29], "excluded_lines": [], "start_line": 27}, "BrainAI.run": {"executed_lines": [], "summary": {"covered_lines": 0, "num_statements": 9, "percent_covered": 0.0, "percent_covered_display": "0", "missing_lines": 9, "excluded_lines": 0, "percent_statements_covered": 0.0, "percent_statements_covered_display": "0"}, "missing_lines": [33, 35, 36, 37, 39, 46, 47, 48, 50], "excluded_lines": [], "start_line": 31}, "BrainAI.critique": {"executed_lines": [], "summary": {"covered_lines": 0, "num_statements": 2, "percent_covered": 0.0, "percent_covered_display": "0", "missing_lines": 2, "excluded_lines": 0, "percent_statements_covered": 0.0, "percent_statements_covered_display": "0"}, "missing_lines": [54, 68], "excluded_lines": [], "start_line": 52}, "BrainAI.plan": {"executed_lines": [], "summary": {"covered_lines": 0, "num_statements": 2, "percent_covered": 0.0, "percent_covered_display": "0", "missing_lines": 2, "excluded_lines": 0, "percent_statements_covered": 0.0, "percent_statements_covered_display": "0"}, "missing_lines": [72, 83], "excluded_lines": [], "start_line": 70}, "BrainAI.add_skill": {"executed_lines": [], "summary": {"covered_lines": 0, "num_statements": 5, "percent_covered": 0.0, "percent_covered_display": "0", "missing_lines": 5, "excluded_lines": 0, "percent_statements_covered": 0.0, "percent_statements_covered_display": "0"}, "missing_lines": [87, 98, 99, 100, 101], "excluded_lines": [], "start_line": 85}, "BrainAI.merge": {"executed_lines": [], "summary": {"covered_lines": 0, "num_statements": 2, "percent_covered": 0.0, "percent_covered_display": "0", "missing_lines": 2, "excluded_lines": 0, "percent_statements_covered": 0.0, "percent_statements_covered_display": "0"}, "missing_lines": [105, 121], "excluded_lines": [], "start_line": 103}, "BrainAIWrapper.__init__": {"executed_lines": [], "summary": {"covered_lines": 0, "num_statements": 2, "percent_covered": 0.0, "percent_covered_display": "0", "missing_lines": 2, "excluded_lines": 0, "percent_statements_covered": 0.0, "percent_statements_covered_display": "0"}, "missing_lines": [128, 129], "excluded_lines": [], "start_line": 127}, "BrainAIWrapper.analyze_code": {"executed_lines": [], "summary": {"covered_lines": 0, "num_statements": 7, "percent_covered": 0.0, "percent_covered_display": "0", "missing_lines": 7, "excluded_lines": 0, "percent_statements_covered": 0.0, "percent_statements_covered_display": "0"}, "missing_lines": [133, 134, 142, 143, 144, 146, 147], "excluded_lines": [], "start_line": 131}, "BrainAIWrapper.critique": {"executed_lines": [], "summary": {"covered_lines": 0, "num_statements": 1, "percent_covered": 0.0, "percent_covered_display": "0", "missing_lines": 1, "excluded_lines": 0, "percent_statements_covered": 0.0, "percent_statements_covered_display": "0"}, "missing_lines": [151], "excluded_lines": [], "start_line": 149}, "BrainAIWrapper.plan": {"executed_lines": [], "summary": {"covered_lines": 0, "num_statements": 1, "percent_covered": 0.0, "percent_covered_display": "0", "missing_lines": 1, "excluded_lines": 0, "percent_statements_covered": 0.0, "percent_statements_covered_display": "0"}, "missing_lines": [155], "excluded_lines": [], "start_line": 153}, "BrainAIWrapper.save_critique": {"executed_lines": [], "summary": {"covered_lines": 0, "num_statements": 3, "percent_covered": 0.0, "percent_covered_display": "0", "missing_lines": 3, "excluded_lines": 0, "percent_statements_covered": 0.0, "percent_statements_covered_display": "0"}, "missing_lines": [159, 160, 161], "excluded_lines": [], "start_line": 157}, "BrainAIWrapper._detect_missing_tool": {"executed_lines": [], "summary": {"covered_lines": 0, "num_statements": 3, "percent_covered": 0.0, "percent_covered_display": "0", "missing_lines": 3, "excluded_lines": 0, "percent_statements_covered": 0.0, "percent_statements_covered_display": "0"}, "missing_lines": [165, 173, 174], "excluded_lines": [], "start_line": 163}, "BrainAIWrapper._extract_tool_name": {"executed_lines": [], "summary": {"covered_lines": 0, "num_statements": 5, "percent_covered": 0.0, "percent_covered_display": "0", "missing_lines": 5, "excluded_lines": 0, "percent_statements_covered": 0.0, "percent_statements_covered_display": "0"}, "missing_lines": [178, 179, 180, 181, 183], "excluded_lines": [], "start_line": 176}, "BrainAIWrapper._extract_tool_purpose": {"executed_lines": [], "summary": {"covered_lines": 0, "num_statements": 5, "percent_covered": 0.0, "percent_covered_display": "0", "missing_lines": 5, "excluded_lines": 0, "percent_statements_covered": 0.0, "percent_statements_covered_display": "0"}, "missing_lines": [187, 188, 189, 190, 192], "excluded_lines": [], "start_line": 185}, "": {"executed_lines": [7, 8, 9, 10, 11, 12, 15, 19, 21, 22, 23, 26, 27, 31, 52, 70, 85, 103, 124, 127, 131, 149, 153, 157, 163, 176, 185, 196], "summary": {"covered_lines": 28, "num_statements": 50, "percent_covered": 56.0, "percent_covered_display": "56", "missing_lines": 22, "excluded_lines": 0, "percent_statements_covered": 56.0, "percent_statements_covered_display": "56"}, "missing_lines": [197, 199, 200, 201, 203, 205, 206, 207, 209, 210, 211, 213, 214, 215, 217, 218, 219, 220, 222, 223, 224, 225], "excluded_lines": [], "start_line": 1}}, "classes": {"BrainAI": {"executed_lines": [], "summary": {"covered_lines": 0, "num_statements": 22, "percent_covered": 0.0, "percent_covered_display": "0", "missing_lines": 22, "excluded_lines": 0, "percent_statements_covered": 0.0, "percent_statements_covered_display": "0"}, "missing_lines": [28, 29, 33, 35, 36, 37, 39, 46, 47, 48, 50, 54, 68, 72, 83, 87, 98, 99, 100, 101, 105, 121], "excluded_lines": [], "start_line": 26}, "BrainAIWrapper": {"executed_lines": [], "summary": {"covered_lines": 0, "num_statements": 27, "percent_covered": 0.0, "percent_covered_display": "0", "missing_lines": 27, "excluded_lines": 0, "percent_statements_covered": 0.0, "percent_statements_covered_display": "0"}, "missing_lines": [128, 129, 133, 134, 142, 143, 144, 146, 147, 151, 155, 159, 160, 161, 165, 173, 174, 178, 179, 180, 181, 183, 187, 188, 189, 190, 192], "excluded_lines": [], "start_line": 124}, "": {"executed_lines": [7, 8, 9, 10, 11, 12, 15, 19, 21, 22, 23, 26, 27, 31, 52, 70, 85, 103, 124, 127, 131, 149, 153, 157, 163, 176, 185, 196], "summary": {"covered_lines": 28, "num_statements": 50, "percent_covered": 56.0, "percent_covered_display": "56", "missing_lines": 22, "excluded_lines": 0, "percent_statements_covered": 56.0, "percent_statements_covered_display": "56"}, "missing_lines": [197, 199, 200, 201, 203, 205, 206, 207, 209, 210, 211, 213, 214, 215, 217, 218, 219, 220, 222, 223, 224, 225], "excluded_lines": [], "start_line": 1}}}, "brain_coordinator.py": {"executed_lines": [], "summary": {"covered_lines": 0, "num_statements": 116, "percent_covered": 0.0, "percent_covered_display": "0", "missing_lines": 116, "excluded_lines": 0, "percent_statements_covered": 0.0, "percent_statements_covered_display": "0"}, "missing_lines": [7, 8, 9, 10, 11, 12, 13, 15, 16, 17, 19, 20, 23, 24, 25, 27, 33, 34, 35, 38, 39, 41, 49, 50, 53, 54, 56, 60, 63, 64, 67, 68, 70, 71, 72, 73, 75, 77, 79, 81, 83, 90, 91, 93, 95, 97, 110, 112, 118, 120, 122, 124, 125, 126, 127, 128, 129, 130, 132, 146, 148, 155, 156, 158, 160, 162, 163, 164, 165, 166, 167, 169, 170, 172, 173, 175, 177, 180, 183, 184, 185, 186, 189, 190, 191, 194, 195, 196, 198, 200, 202, 204, 205, 213, 214, 215, 217, 219, 221, 222, 230, 231, 232, 234, 236, 242, 243, 245, 248, 249, 250, 251, 253, 254, 255, 256], "excluded_lines": [], "functions": {"BrainCoordinator.__init__": {"executed_lines": [], "summary": {"covered_lines": 0, "num_statements": 4, "percent_covered": 0.0, "percent_covered_display": "0", "missing_lines": 4, "excluded_lines": 0, "percent_statements_covered": 0.0, "percent_statements_covered_display": "0"}, "missing_lines": [34, 35, 38, 39], "excluded_lines": [], "start_line": 33}, "BrainCoordinator.coordinated_workflow": {"executed_lines": [], "summary": {"covered_lines": 0, "num_statements": 15, "percent_covered": 0.0, "percent_covered_display": "0", "missing_lines": 15, "excluded_lines": 0, "percent_statements_covered": 0.0, "percent_statements_covered_display": "0"}, "missing_lines": [49, 50, 53, 54, 56, 60, 63, 64, 67, 68, 70, 71, 72, 73, 75], "excluded_lines": [], "start_line": 41}, "BrainCoordinator._openrouter_generate": {"executed_lines": [], "summary": {"covered_lines": 0, "num_statements": 5, "percent_covered": 0.0, "percent_covered_display": "0", "missing_lines": 5, "excluded_lines": 0, "percent_statements_covered": 0.0, "percent_statements_covered_display": "0"}, "missing_lines": [79, 81, 83, 90, 91], "excluded_lines": [], "start_line": 77}, "BrainCoordinator._brain_analyze": {"executed_lines": [], "summary": {"covered_lines": 0, "num_statements": 5, "percent_covered": 0.0, "percent_covered_display": "0", "missing_lines": 5, "excluded_lines": 0, "percent_statements_covered": 0.0, "percent_statements_covered_display": "0"}, "missing_lines": [95, 97, 110, 112, 118], "excluded_lines": [], "start_line": 93}, "BrainCoordinator._refine_with_brain_critique": {"executed_lines": [], "summary": {"covered_lines": 0, "num_statements": 13, "percent_covered": 0.0, "percent_covered_display": "0", "missing_lines": 13, "excluded_lines": 0, "percent_statements_covered": 0.0, "percent_statements_covered_display": "0"}, "missing_lines": [122, 124, 125, 126, 127, 128, 129, 130, 132, 146, 148, 155, 156], "excluded_lines": [], "start_line": 120}, "BrainCoordinator._score_and_select": {"executed_lines": [], "summary": {"covered_lines": 0, "num_statements": 11, "percent_covered": 0.0, "percent_covered_display": "0", "missing_lines": 11, "excluded_lines": 0, "percent_statements_covered": 0.0, "percent_statements_covered_display": "0"}, "missing_lines": [160, 162, 163, 164, 165, 166, 167, 169, 170, 172, 173], "excluded_lines": [], "start_line": 158}, "BrainCoordinator._calculate_quality_score": {"executed_lines": [], "summary": {"covered_lines": 0, "num_statements": 13, "percent_covered": 0.0, "percent_covered_display": "0", "missing_lines": 13, "excluded_lines": 0, "percent_statements_covered": 0.0, "percent_statements_covered_display": "0"}, "missing_lines": [177, 180, 183, 184, 185, 186, 189, 190, 191, 194, 195, 196, 198], "excluded_lines": [], "start_line": 175}, "BrainCoordinator._execute_openrouter_query": {"executed_lines": [], "summary": {"covered_lines": 0, "num_statements": 6, "percent_covered": 0.0, "percent_covered_display": "0", "missing_lines": 6, "excluded_lines": 0, "percent_statements_covered": 0.0, "percent_statements_covered_display": "0"}, "missing_lines": [202, 204, 205, 213, 214, 215], "excluded_lines": [], "start_line": 200}, "BrainCoordinator._execute_brain_query": {"executed_lines": [], "summary": {"covered_lines": 0, "num_statements": 6, "percent_covered": 0.0, "percent_covered_display": "0", "missing_lines": 6, "excluded_lines": 0, "percent_statements_covered": 0.0, "percent_statements_covered_display": "0"}, "missing_lines": [219, 221, 222, 230, 231, 232], "excluded_lines": [], "start_line": 217}, "create_brain_coordinator": {"executed_lines": [], "summary": {"covered_lines": 0, "num_statements": 4, "percent_covered": 0.0, "percent_covered_display": "0", "missing_lines": 4, "excluded_lines": 0, "percent_statements_covered": 0.0, "percent_statements_covered_display": "0"}, "missing_lines": [236, 242, 243, 245], "excluded_lines": [], "start_line": 234}, "": {"executed_lines": [], "summary": {"covered_lines": 0, "num_statements": 34, "percent_covered": 0.0, "percent_covered_display": "0", "missing_lines": 34, "excluded_lines": 0, "percent_statements_covered": 0.0, "percent_statements_covered_display": "0"}, "missing_lines": [7, 8, 9, 10, 11, 12, 13, 15, 16, 17, 19, 20, 23, 24, 25, 27, 33, 41, 77, 93, 120, 158, 175, 200, 217, 234, 248, 249, 250, 251, 253, 254, 255, 256], "excluded_lines": [], "start_line": 1}}, "classes": {"AgentRole": {"executed_lines": [], "summary": {"covered_lines": 0, "num_statements": 0, "percent_covered": 100.0, "percent_covered_display": "100", "missing_lines": 0, "excluded_lines": 0, "percent_statements_covered": 100.0, "percent_statements_covered_display": "100"}, "missing_lines": [], "excluded_lines": [], "start_line": 15}, "CodeCandidate": {"executed_lines": [], "summary": {"covered_lines": 0, "num_statements": 0, "percent_covered": 100.0, "percent_covered_display": "100", "missing_lines": 0, "excluded_lines": 0, "percent_statements_covered": 100.0, "percent_statements_covered_display": "100"}, "missing_lines": [], "excluded_lines": [], "start_line": 20}, "BrainCoordinator": {"executed_lines": [], "summary": {"covered_lines": 0, "num_statements": 78, "percent_covered": 0.0, "percent_covered_display": "0", "missing_lines": 78, "excluded_lines": 0, "percent_statements_covered": 0.0, "percent_statements_covered_display": "0"}, "missing_lines": [34, 35, 38, 39, 49, 50, 53, 54, 56, 60, 63, 64, 67, 68, 70, 71, 72, 73, 75, 79, 81, 83, 90, 91, 95, 97, 110, 112, 118, 122, 124, 125, 126, 127, 128, 129, 130, 132, 146, 148, 155, 156, 160, 162, 163, 164, 165, 166, 167, 169, 170, 172, 173, 177, 180, 183, 184, 185, 186, 189, 190, 191, 194, 195, 196, 198, 202, 204, 205, 213, 214, 215, 219, 221, 222, 230, 231, 232], "excluded_lines": [], "start_line": 27}, "": {"executed_lines": [], "summary": {"covered_lines": 0, "num_statements": 38, "percent_covered": 0.0, "percent_covered_display": "0", "missing_lines": 38, "excluded_lines": 0, "percent_statements_covered": 0.0, "percent_statements_covered_display": "0"}, "missing_lines": [7, 8, 9, 10, 11, 12, 13, 15, 16, 17, 19, 20, 23, 24, 25, 27, 33, 41, 77, 93, 120, 158, 175, 200, 217, 234, 236, 242, 243, 245, 248, 249, 250, 251, 253, 254, 255, 256], "excluded_lines": [], "start_line": 1}}}, "code_puppy_brain.py": {"executed_lines": [], "summary": {"covered_lines": 0, "num_statements": 45, "percent_covered": 0.0, "percent_covered_display": "0", "missing_lines": 45, "excluded_lines": 0, "percent_statements_covered": 0.0, "percent_statements_covered_display": "0"}, "missing_lines": [4, 5, 7, 8, 9, 11, 12, 13, 14, 16, 17, 18, 19, 20, 21, 22, 24, 25, 26, 27, 28, 29, 30, 31, 32, 34, 35, 36, 38, 39, 40, 41, 42, 44, 45, 46, 47, 48, 49, 50, 51, 52, 54, 55, 56], "excluded_lines": [], "functions": {"BrainAIIntegration.__init__": {"executed_lines": [], "summary": {"covered_lines": 0, "num_statements": 2, "percent_covered": 0.0, "percent_covered_display": "0", "missing_lines": 2, "excluded_lines": 0, "percent_statements_covered": 0.0, "percent_statements_covered_display": "0"}, "missing_lines": [13, 14], "excluded_lines": [], "start_line": 12}, "BrainAIIntegration.integrate_with_code_puppy": {"executed_lines": [], "summary": {"covered_lines": 0, "num_statements": 6, "percent_covered": 0.0, "percent_covered_display": "0", "missing_lines": 6, "excluded_lines": 0, "percent_statements_covered": 0.0, "percent_statements_covered_display": "0"}, "missing_lines": [17, 18, 19, 20, 21, 22], "excluded_lines": [], "start_line": 16}, "BrainAIIntegration.process_cp_query": {"executed_lines": [], "summary": {"covered_lines": 0, "num_statements": 8, "percent_covered": 0.0, "percent_covered_display": "0", "missing_lines": 8, "excluded_lines": 0, "percent_statements_covered": 0.0, "percent_statements_covered_display": "0"}, "missing_lines": [25, 26, 27, 28, 29, 30, 31, 32], "excluded_lines": [], "start_line": 24}, "BrainAIIntegration.search_codebase": {"executed_lines": [], "summary": {"covered_lines": 0, "num_statements": 2, "percent_covered": 0.0, "percent_covered_display": "0", "missing_lines": 2, "excluded_lines": 0, "percent_statements_covered": 0.0, "percent_statements_covered_display": "0"}, "missing_lines": [35, 36], "excluded_lines": [], "start_line": 34}, "BrainAIIntegration.save_critique": {"executed_lines": [], "summary": {"covered_lines": 0, "num_statements": 4, "percent_covered": 0.0, "percent_covered_display": "0", "missing_lines": 4, "excluded_lines": 0, "percent_statements_covered": 0.0, "percent_statements_covered_display": "0"}, "missing_lines": [39, 40, 41, 42], "excluded_lines": [], "start_line": 38}, "BrainAIIntegration.add_tool_to_agents_md": {"executed_lines": [], "summary": {"covered_lines": 0, "num_statements": 8, "percent_covered": 0.0, "percent_covered_display": "0", "missing_lines": 8, "excluded_lines": 0, "percent_statements_covered": 0.0, "percent_statements_covered_display": "0"}, "missing_lines": [45, 46, 47, 48, 49, 50, 51, 52], "excluded_lines": [], "start_line": 44}, "": {"executed_lines": [], "summary": {"covered_lines": 0, "num_statements": 15, "percent_covered": 0.0, "percent_covered_display": "0", "missing_lines": 15, "excluded_lines": 0, "percent_statements_covered": 0.0, "percent_statements_covered_display": "0"}, "missing_lines": [4, 5, 7, 8, 9, 11, 12, 16, 24, 34, 38, 44, 54, 55, 56], "excluded_lines": [], "start_line": 1}}, "classes": {"BrainAIIntegration": {"executed_lines": [], "summary": {"covered_lines": 0, "num_statements": 30, "percent_covered": 0.0, "percent_covered_display": "0", "missing_lines": 30, "excluded_lines": 0, "percent_statements_covered": 0.0, "percent_statements_covered_display": "0"}, "missing_lines": [13, 14, 17, 18, 19, 20, 21, 22, 25, 26, 27, 28, 29, 30, 31, 32, 35, 36, 39, 40, 41, 42, 45, 46, 47, 48, 49, 50, 51, 52], "excluded_lines": [], "start_line": 11}, "": {"executed_lines": [], "summary": {"covered_lines": 0, "num_statements": 15, "percent_covered": 0.0, "percent_covered_display": "0", "missing_lines": 15, "excluded_lines": 0, "percent_statements_covered": 0.0, "percent_statements_covered_display": "0"}, "missing_lines": [4, 5, 7, 8, 9, 11, 12, 16, 24, 34, 38, 44, 54, 55, 56], "excluded_lines": [], "start_line": 1}}}, "code_puppy_tool.py": {"executed_lines": [7, 8, 9, 10, 11, 14, 16, 17, 18, 20, 22, 25, 28, 54, 57, 66, 75, 87, 116, 128, 177, 218, 220, 222, 223, 224, 225, 226, 228, 230, 231, 233, 234, 236, 237, 238, 239, 240, 241, 242, 245, 246, 251, 252, 253, 254, 256], "summary": {"covered_lines": 47, "num_statements": 118, "percent_covered": 39.83050847457627, "percent_covered_display": "40", "missing_lines": 71, "excluded_lines": 0, "percent_statements_covered": 39.83050847457627, "percent_statements_covered_display": "40"}, "missing_lines": [26, 30, 32, 38, 39, 46, 47, 48, 49, 52, 58, 59, 60, 61, 64, 68, 69, 70, 71, 72, 73, 77, 78, 79, 80, 99, 101, 103, 104, 106, 107, 108, 109, 110, 111, 112, 114, 126, 142, 144, 145, 153, 156, 157, 158, 159, 160, 161, 166, 167, 169, 188, 190, 192, 193, 194, 196, 197, 198, 200, 201, 203, 204, 205, 208, 209, 216, 247, 248, 249, 257], "excluded_lines": [], "functions": {"BrainAICritique.__init__": {"executed_lines": [], "summary": {"covered_lines": 0, "num_statements": 1, "percent_covered": 0.0, "percent_covered_display": "0", "missing_lines": 1, "excluded_lines": 0, "percent_statements_covered": 0.0, "percent_statements_covered_display": "0"}, "missing_lines": [26], "excluded_lines": [], "start_line": 25}, "BrainAICritique.process": {"executed_lines": [], "summary": {"covered_lines": 0, "num_statements": 9, "percent_covered": 0.0, "percent_covered_display": "0", "missing_lines": 9, "excluded_lines": 0, "percent_statements_covered": 0.0, "percent_statements_covered_display": "0"}, "missing_lines": [30, 32, 38, 39, 46, 47, 48, 49, 52], "excluded_lines": [], "start_line": 28}, "CodePuppyTool.__init__": {"executed_lines": [], "summary": {"covered_lines": 0, "num_statements": 5, "percent_covered": 0.0, "percent_covered_display": "0", "missing_lines": 5, "excluded_lines": 0, "percent_statements_covered": 0.0, "percent_statements_covered_display": "0"}, "missing_lines": [58, 59, 60, 61, 64], "excluded_lines": [], "start_line": 57}, "CodePuppyTool._find_project_root": {"executed_lines": [], "summary": {"covered_lines": 0, "num_statements": 6, "percent_covered": 0.0, "percent_covered_display": "0", "missing_lines": 6, "excluded_lines": 0, "percent_statements_covered": 0.0, "percent_statements_covered_display": "0"}, "missing_lines": [68, 69, 70, 71, 72, 73], "excluded_lines": [], "start_line": 66}, "CodePuppyTool._ensure_index": {"executed_lines": [], "summary": {"covered_lines": 0, "num_statements": 4, "percent_covered": 0.0, "percent_covered_display": "0", "missing_lines": 4, "excluded_lines": 0, "percent_statements_covered": 0.0, "percent_statements_covered_display": "0"}, "missing_lines": [77, 78, 79, 80], "excluded_lines": [], "start_line": 75}, "CodePuppyTool.search": {"executed_lines": [], "summary": {"covered_lines": 0, "num_statements": 12, "percent_covered": 0.0, "percent_covered_display": "0", "missing_lines": 12, "excluded_lines": 0, "percent_statements_covered": 0.0, "percent_statements_covered_display": "0"}, "missing_lines": [99, 101, 103, 104, 106, 107, 108, 109, 110, 111, 112, 114], "excluded_lines": [], "start_line": 87}, "CodePuppyTool.critique": {"executed_lines": [], "summary": {"covered_lines": 0, "num_statements": 1, "percent_covered": 0.0, "percent_covered_display": "0", "missing_lines": 1, "excluded_lines": 0, "percent_statements_covered": 0.0, "percent_statements_covered_display": "0"}, "missing_lines": [126], "excluded_lines": [], "start_line": 116}, "CodePuppyTool.process_query": {"executed_lines": [], "summary": {"covered_lines": 0, "num_statements": 13, "percent_covered": 0.0, "percent_covered_display": "0", "missing_lines": 13, "excluded_lines": 0, "percent_statements_covered": 0.0, "percent_statements_covered_display": "0"}, "missing_lines": [142, 144, 145, 153, 156, 157, 158, 159, 160, 161, 166, 167, 169], "excluded_lines": [], "start_line": 128}, "CodePuppyTool.ask_followup": {"executed_lines": [], "summary": {"covered_lines": 0, "num_statements": 16, "percent_covered": 0.0, "percent_covered_display": "0", "missing_lines": 16, "excluded_lines": 0, "percent_statements_covered": 0.0, "percent_statements_covered_display": "0"}, "missing_lines": [188, 190, 192, 193, 194, 196, 197, 198, 200, 201, 203, 204, 205, 208, 209, 216], "excluded_lines": [], "start_line": 177}, "main": {"executed_lines": [220, 222, 223, 224, 225, 226, 228, 230, 231, 233, 234, 236, 237, 238, 239, 240, 241, 242, 245, 246, 251, 252, 253, 254], "summary": {"covered_lines": 24, "num_statements": 27, "percent_covered": 88.88888888888889, "percent_covered_display": "89", "missing_lines": 3, "excluded_lines": 0, "percent_statements_covered": 88.88888888888889, "percent_statements_covered_display": "89"}, "missing_lines": [247, 248, 249], "excluded_lines": [], "start_line": 218}, "": {"executed_lines": [7, 8, 9, 10, 11, 14, 16, 17, 18, 20, 22, 25, 28, 54, 57, 66, 75, 87, 116, 128, 177, 218, 256], "summary": {"covered_lines": 23, "num_statements": 24, "percent_covered": 95.83333333333333, "percent_covered_display": "96", "missing_lines": 1, "excluded_lines": 0, "percent_statements_covered": 95.83333333333333, "percent_statements_covered_display": "96"}, "missing_lines": [257], "excluded_lines": [], "start_line": 1}}, "classes": {"BrainAICritique": {"executed_lines": [], "summary": {"covered_lines": 0, "num_statements": 10, "percent_covered": 0.0, "percent_covered_display": "0", "missing_lines": 10, "excluded_lines": 0, "percent_statements_covered": 0.0, "percent_statements_covered_display": "0"}, "missing_lines": [26, 30, 32, 38, 39, 46, 47, 48, 49, 52], "excluded_lines": [], "start_line": 22}, "CodePuppyTool": {"executed_lines": [], "summary": {"covered_lines": 0, "num_statements": 57, "percent_covered": 0.0, "percent_covered_display": "0", "missing_lines": 57, "excluded_lines": 0, "percent_statements_covered": 0.0, "percent_statements_covered_display": "0"}, "missing_lines": [58, 59, 60, 61, 64, 68, 69, 70, 71, 72, 73, 77, 78, 79, 80, 99, 101, 103, 104, 106, 107, 108, 109, 110, 111, 112, 114, 126, 142, 144, 145, 153, 156, 157, 158, 159, 160, 161, 166, 167, 169, 188, 190, 192, 193, 194, 196, 197, 198, 200, 201, 203, 204, 205, 208, 209, 216], "excluded_lines": [], "start_line": 54}, "": {"executed_lines": [7, 8, 9, 10, 11, 14, 16, 17, 18, 20, 22, 25, 28, 54, 57, 66, 75, 87, 116, 128, 177, 218, 220, 222, 223, 224, 225, 226, 228, 230, 231, 233, 234, 236, 237, 238, 239, 240, 241, 242, 245, 246, 251, 252, 253, 254, 256], "summary": {"covered_lines": 47, "num_statements": 51, "percent_covered": 92.15686274509804, "percent_covered_display": "92", "missing_lines": 4, "excluded_lines": 0, "percent_statements_covered": 92.15686274509804, "percent_statements_covered_display": "92"}, "missing_lines": [247, 248, 249, 257], "excluded_lines": [], "start_line": 1}}}, "code_puppy_with_index.py": {"executed_lines": [], "summary": {"covered_lines": 0, "num_statements": 90, "percent_covered": 0.0, "percent_covered_display": "0", "missing_lines": 90, "excluded_lines": 0, "percent_statements_covered": 0.0, "percent_statements_covered_display": "0"}, "missing_lines": [3, 4, 5, 6, 7, 9, 11, 12, 14, 15, 22, 23, 24, 26, 27, 33, 34, 41, 42, 43, 44, 46, 48, 49, 50, 51, 52, 53, 54, 55, 56, 57, 59, 61, 62, 64, 65, 66, 67, 68, 69, 70, 71, 73, 74, 76, 78, 79, 81, 82, 83, 84, 87, 88, 89, 90, 91, 92, 93, 94, 95, 97, 98, 100, 101, 102, 103, 105, 107, 108, 109, 110, 112, 113, 114, 116, 117, 118, 119, 120, 121, 122, 123, 125, 126, 127, 128, 130, 131, 133], "excluded_lines": [], "functions": {"BrainAICritique.process": {"executed_lines": [], "summary": {"covered_lines": 0, "num_statements": 12, "percent_covered": 0.0, "percent_covered_display": "0", "missing_lines": 12, "excluded_lines": 0, "percent_statements_covered": 0.0, "percent_statements_covered_display": "0"}, "missing_lines": [22, 23, 24, 26, 27, 33, 34, 41, 42, 43, 44, 46], "excluded_lines": [], "start_line": 15}, "enrich_prompt": {"executed_lines": [], "summary": {"covered_lines": 0, "num_statements": 9, "percent_covered": 0.0, "percent_covered_display": "0", "missing_lines": 9, "excluded_lines": 0, "percent_statements_covered": 0.0, "percent_statements_covered_display": "0"}, "missing_lines": [49, 50, 51, 52, 53, 54, 55, 56, 57], "excluded_lines": [], "start_line": 48}, "call_cs": {"executed_lines": [], "summary": {"covered_lines": 0, "num_statements": 34, "percent_covered": 0.0, "percent_covered_display": "0", "missing_lines": 34, "excluded_lines": 0, "percent_statements_covered": 0.0, "percent_statements_covered_display": "0"}, "missing_lines": [61, 62, 64, 65, 66, 67, 68, 69, 70, 71, 73, 74, 76, 78, 79, 81, 82, 83, 84, 87, 88, 89, 90, 91, 92, 93, 94, 95, 97, 98, 100, 101, 102, 103], "excluded_lines": [], "start_line": 59}, "": {"executed_lines": [], "summary": {"covered_lines": 0, "num_statements": 35, "percent_covered": 0.0, "percent_covered_display": "0", "missing_lines": 35, "excluded_lines": 0, "percent_statements_covered": 0.0, "percent_statements_covered_display": "0"}, "missing_lines": [3, 4, 5, 6, 7, 9, 11, 12, 14, 15, 48, 59, 105, 107, 108, 109, 110, 112, 113, 114, 116, 117, 118, 119, 120, 121, 122, 123, 125, 126, 127, 128, 130, 131, 133], "excluded_lines": [], "start_line": 1}}, "classes": {"BrainAICritique": {"executed_lines": [], "summary": {"covered_lines": 0, "num_statements": 12, "percent_covered": 0.0, "percent_covered_display": "0", "missing_lines": 12, "excluded_lines": 0, "percent_statements_covered": 0.0, "percent_statements_covered_display": "0"}, "missing_lines": [22, 23, 24, 26, 27, 33, 34, 41, 42, 43, 44, 46], "excluded_lines": [], "start_line": 14}, "": {"executed_lines": [], "summary": {"covered_lines": 0, "num_statements": 78, "percent_covered": 0.0, "percent_covered_display": "0", "missing_lines": 78, "excluded_lines": 0, "percent_statements_covered": 0.0, "percent_statements_covered_display": "0"}, "missing_lines": [3, 4, 5, 6, 7, 9, 11, 12, 14, 15, 48, 49, 50, 51, 52, 53, 54, 55, 56, 57, 59, 61, 62, 64, 65, 66, 67, 68, 69, 70, 71, 73, 74, 76, 78, 79, 81, 82, 83, 84, 87, 88, 89, 90, 91, 92, 93, 94, 95, 97, 98, 100, 101, 102, 103, 105, 107, 108, 109, 110, 112, 113, 114, 116, 117, 118, 119, 120, 121, 122, 123, 125, 126, 127, 128, 130, 131, 133], "excluded_lines": [], "start_line": 1}}}, "coverage_report_viewer.py": {"executed_lines": [], "summary": {"covered_lines": 0, "num_statements": 48, "percent_covered": 0.0, "percent_covered_display": "0", "missing_lines": 48, "excluded_lines": 0, "percent_statements_covered": 0.0, "percent_statements_covered_display": "0"}, "missing_lines": [8, 9, 10, 11, 14, 16, 19, 28, 30, 31, 33, 35, 36, 37, 39, 40, 41, 42, 43, 44, 46, 47, 48, 49, 50, 52, 54, 56, 57, 58, 64, 66, 67, 69, 76, 78, 79, 80, 81, 83, 84, 85, 86, 87, 88, 89, 92, 93], "excluded_lines": [], "functions": {"CoverageReportViewer.__init__": {"executed_lines": [], "summary": {"covered_lines": 0, "num_statements": 2, "percent_covered": 0.0, "percent_covered_display": "0", "missing_lines": 2, "excluded_lines": 0, "percent_statements_covered": 0.0, "percent_statements_covered_display": "0"}, "missing_lines": [30, 31], "excluded_lines": [], "start_line": 28}, "CoverageReportViewer.load_report": {"executed_lines": [], "summary": {"covered_lines": 0, "num_statements": 15, "percent_covered": 0.0, "percent_covered_display": "0", "missing_lines": 15, "excluded_lines": 0, "percent_statements_covered": 0.0, "percent_statements_covered_display": "0"}, "missing_lines": [35, 36, 37, 39, 40, 41, 42, 43, 44, 46, 47, 48, 49, 50, 52], "excluded_lines": [], "start_line": 33}, "CoverageReportViewer._parse_html": {"executed_lines": [], "summary": {"covered_lines": 0, "num_statements": 3, "percent_covered": 0.0, "percent_covered_display": "0", "missing_lines": 3, "excluded_lines": 0, "percent_statements_covered": 0.0, "percent_statements_covered_display": "0"}, "missing_lines": [56, 57, 58], "excluded_lines": [], "start_line": 54}, "CoverageReportViewer.summary": {"executed_lines": [], "summary": {"covered_lines": 0, "num_statements": 3, "percent_covered": 0.0, "percent_covered_display": "0", "missing_lines": 3, "excluded_lines": 0, "percent_statements_covered": 0.0, "percent_statements_covered_display": "0"}, "missing_lines": [66, 67, 69], "excluded_lines": [], "start_line": 64}, "main": {"executed_lines": [], "summary": {"covered_lines": 0, "num_statements": 11, "percent_covered": 0.0, "percent_covered_display": "0", "missing_lines": 11, "excluded_lines": 0, "percent_statements_covered": 0.0, "percent_statements_covered_display": "0"}, "missing_lines": [78, 79, 80, 81, 83, 84, 85, 86, 87, 88, 89], "excluded_lines": [], "start_line": 76}, "": {"executed_lines": [], "summary": {"covered_lines": 0, "num_statements": 14, "percent_covered": 0.0, "percent_covered_display": "0", "missing_lines": 14, "excluded_lines": 0, "percent_statements_covered": 0.0, "percent_statements_covered_display": "0"}, "missing_lines": [8, 9, 10, 11, 14, 16, 19, 28, 33, 54, 64, 76, 92, 93], "excluded_lines": [], "start_line": 1}}, "classes": {"CoverageReportError": {"executed_lines": [], "summary": {"covered_lines": 0, "num_statements": 0, "percent_covered": 100.0, "percent_covered_display": "100", "missing_lines": 0, "excluded_lines": 0, "percent_statements_covered": 100.0, "percent_statements_covered_display": "100"}, "missing_lines": [], "excluded_lines": [], "start_line": 14}, "CoverageReportViewer": {"executed_lines": [], "summary": {"covered_lines": 0, "num_statements": 23, "percent_covered": 0.0, "percent_covered_display": "0", "missing_lines": 23, "excluded_lines": 0, "percent_statements_covered": 0.0, "percent_statements_covered_display": "0"}, "missing_lines": [30, 31, 35, 36, 37, 39, 40, 41, 42, 43, 44, 46, 47, 48, 49, 50, 52, 56, 57, 58, 66, 67, 69], "excluded_lines": [], "start_line": 19}, "": {"executed_lines": [], "summary": {"covered_lines": 0, "num_statements": 25, "percent_covered": 0.0, "percent_covered_display": "0", "missing_lines": 25, "excluded_lines": 0, "percent_statements_covered": 0.0, "percent_statements_covered_display": "0"}, "missing_lines": [8, 9, 10, 11, 14, 16, 19, 28, 33, 54, 64, 76, 78, 79, 80, 81, 83, 84, 85, 86, 87, 88, 89, 92, 93], "excluded_lines": [], "start_line": 1}}}, "index_cli.py": {"executed_lines": [], "summary": {"covered_lines": 0, "num_statements": 114, "percent_covered": 0.0, "percent_covered_display": "0", "missing_lines": 114, "excluded_lines": 0, "percent_statements_covered": 0.0, "percent_statements_covered_display": "0"}, "missing_lines": [2, 4, 5, 6, 7, 8, 10, 11, 14, 17, 20, 22, 24, 25, 26, 27, 28, 30, 35, 36, 37, 38, 40, 41, 43, 44, 47, 55, 56, 57, 58, 59, 60, 66, 68, 70, 72, 73, 75, 76, 77, 78, 79, 80, 82, 84, 86, 87, 88, 90, 92, 93, 95, 96, 97, 98, 100, 103, 104, 105, 108, 109, 110, 111, 113, 114, 115, 118, 120, 121, 123, 129, 131, 133, 134, 136, 138, 139, 142, 144, 145, 147, 149, 150, 152, 159, 160, 162, 164, 165, 166, 167, 168, 169, 171, 174, 175, 177, 178, 179, 180, 181, 183, 184, 185, 186, 187, 188, 189, 190, 191, 192, 195, 196], "excluded_lines": [], "functions": {"get_embeddings": {"executed_lines": [], "summary": {"covered_lines": 0, "num_statements": 5, "percent_covered": 0.0, "percent_covered_display": "0", "missing_lines": 5, "excluded_lines": 0, "percent_statements_covered": 0.0, "percent_statements_covered_display": "0"}, "missing_lines": [24, 25, 26, 27, 28], "excluded_lines": [], "start_line": 22}, "chunk_code_file": {"executed_lines": [], "summary": {"covered_lines": 0, "num_statements": 17, "percent_covered": 0.0, "percent_covered_display": "0", "missing_lines": 17, "excluded_lines": 0, "percent_statements_covered": 0.0, "percent_statements_covered_display": "0"}, "missing_lines": [35, 36, 37, 38, 40, 41, 43, 44, 47, 55, 56, 57, 58, 59, 60, 66, 68], "excluded_lines": [], "start_line": 30}, "scan_repo": {"executed_lines": [], "summary": {"covered_lines": 0, "num_statements": 9, "percent_covered": 0.0, "percent_covered_display": "0", "missing_lines": 9, "excluded_lines": 0, "percent_statements_covered": 0.0, "percent_statements_covered_display": "0"}, "missing_lines": [72, 73, 75, 76, 77, 78, 79, 80, 82], "excluded_lines": [], "start_line": 70}, "build_index": {"executed_lines": [], "summary": {"covered_lines": 0, "num_statements": 26, "percent_covered": 0.0, "percent_covered_display": "0", "missing_lines": 26, "excluded_lines": 0, "percent_statements_covered": 0.0, "percent_statements_covered_display": "0"}, "missing_lines": [86, 87, 88, 90, 92, 93, 95, 96, 97, 98, 100, 103, 104, 105, 108, 109, 110, 111, 113, 114, 115, 118, 120, 121, 123, 129], "excluded_lines": [], "start_line": 84}, "search_codebase": {"executed_lines": [], "summary": {"covered_lines": 0, "num_statements": 15, "percent_covered": 0.0, "percent_covered_display": "0", "missing_lines": 15, "excluded_lines": 0, "percent_statements_covered": 0.0, "percent_statements_covered_display": "0"}, "missing_lines": [133, 134, 136, 138, 139, 142, 144, 145, 147, 149, 150, 152, 159, 160, 162], "excluded_lines": [], "start_line": 131}, "main": {"executed_lines": [], "summary": {"covered_lines": 0, "num_statements": 23, "percent_covered": 0.0, "percent_covered_display": "0", "missing_lines": 23, "excluded_lines": 0, "percent_statements_covered": 0.0, "percent_statements_covered_display": "0"}, "missing_lines": [165, 166, 167, 168, 169, 171, 174, 175, 177, 178, 179, 180, 181, 183, 184, 185, 186, 187, 188, 189, 190, 191, 192], "excluded_lines": [], "start_line": 164}, "": {"executed_lines": [], "summary": {"covered_lines": 0, "num_statements": 19, "percent_covered": 0.0, "percent_covered_display": "0", "missing_lines": 19, "excluded_lines": 0, "percent_statements_covered": 0.0, "percent_statements_covered_display": "0"}, "missing_lines": [2, 4, 5, 6, 7, 8, 10, 11, 14, 17, 20, 22, 30, 70, 84, 131, 164, 195, 196], "excluded_lines": [], "start_line": 1}}, "classes": {"": {"executed_lines": [], "summary": {"covered_lines": 0, "num_statements": 114, "percent_covered": 0.0, "percent_covered_display": "0", "missing_lines": 114, "excluded_lines": 0, "percent_statements_covered": 0.0, "percent_statements_covered_display": "0"}, "missing_lines": [2, 4, 5, 6, 7, 8, 10, 11, 14, 17, 20, 22, 24, 25, 26, 27, 28, 30, 35, 36, 37, 38, 40, 41, 43, 44, 47, 55, 56, 57, 58, 59, 60, 66, 68, 70, 72, 73, 75, 76, 77, 78, 79, 80, 82, 84, 86, 87, 88, 90, 92, 93, 95, 96, 97, 98, 100, 103, 104, 105, 108, 109, 110, 111, 113, 114, 115, 118, 120, 121, 123, 129, 131, 133, 134, 136, 138, 139, 142, 144, 145, 147, 149, 150, 152, 159, 160, 162, 164, 165, 166, 167, 168, 169, 171, 174, 175, 177, 178, 179, 180, 181, 183, 184, 185, 186, 187, 188, 189, 190, 191, 192, 195, 196], "excluded_lines": [], "start_line": 1}}}, "index_repo.py": {"executed_lines": [2, 4, 5, 6, 7, 8, 9, 10, 12, 13, 15, 17, 19, 20, 23, 26, 29, 30, 31, 32, 40, 41, 42, 43, 44, 45, 46, 51, 59, 63, 69, 100, 102, 103, 104, 106, 109, 112, 116, 120, 127, 217, 269, 305], "summary": {"covered_lines": 44, "num_statements": 190, "percent_covered": 23.157894736842106, "percent_covered_display": "23", "missing_lines": 146, "excluded_lines": 0, "percent_statements_covered": 23.157894736842106, "percent_statements_covered_display": "23"}, "missing_lines": [33, 34, 35, 53, 54, 55, 56, 57, 61, 64, 65, 66, 67, 73, 74, 76, 84, 85, 86, 87, 88, 95, 107, 110, 113, 114, 117, 118, 121, 122, 130, 131, 134, 135, 137, 138, 139, 141, 142, 143, 151, 153, 154, 155, 157, 165, 168, 169, 170, 172, 173, 174, 176, 177, 178, 179, 180, 181, 182, 183, 184, 185, 187, 188, 189, 190, 191, 192, 193, 194, 195, 204, 205, 206, 208, 209, 211, 212, 220, 221, 222, 223, 224, 225, 226, 227, 229, 230, 231, 233, 235, 236, 238, 240, 241, 242, 243, 244, 245, 246, 247, 248, 249, 250, 251, 252, 253, 254, 255, 256, 257, 258, 259, 260, 262, 263, 264, 270, 271, 272, 273, 274, 275, 276, 277, 278, 279, 280, 281, 282, 283, 285, 286, 287, 288, 289, 290, 291, 293, 294, 298, 299, 300, 301, 303, 306], "excluded_lines": [], "functions": {"should_skip": {"executed_lines": [], "summary": {"covered_lines": 0, "num_statements": 5, "percent_covered": 0.0, "percent_covered_display": "0", "missing_lines": 5, "excluded_lines": 0, "percent_statements_covered": 0.0, "percent_statements_covered_display": "0"}, "missing_lines": [53, 54, 55, 56, 57], "excluded_lines": [], "start_line": 51}, "file_hash": {"executed_lines": [], "summary": {"covered_lines": 0, "num_statements": 1, "percent_covered": 0.0, "percent_covered_display": "0", "missing_lines": 1, "excluded_lines": 0, "percent_statements_covered": 0.0, "percent_statements_covered_display": "0"}, "missing_lines": [61], "excluded_lines": [], "start_line": 59}, "read_text": {"executed_lines": [], "summary": {"covered_lines": 0, "num_statements": 4, "percent_covered": 0.0, "percent_covered_display": "0", "missing_lines": 4, "excluded_lines": 0, "percent_statements_covered": 0.0, "percent_statements_covered_display": "0"}, "missing_lines": [64, 65, 66, 67], "excluded_lines": [], "start_line": 63}, "chunk_file": {"executed_lines": [], "summary": {"covered_lines": 0, "num_statements": 9, "percent_covered": 0.0, "percent_covered_display": "0", "missing_lines": 9, "excluded_lines": 0, "percent_statements_covered": 0.0, "percent_statements_covered_display": "0"}, "missing_lines": [73, 74, 76, 84, 85, 86, 87, 88, 95], "excluded_lines": [], "start_line": 69}, "OllamaEmbedder.ndim": {"executed_lines": [], "summary": {"covered_lines": 0, "num_statements": 1, "percent_covered": 0.0, "percent_covered_display": "0", "missing_lines": 1, "excluded_lines": 0, "percent_statements_covered": 0.0, "percent_statements_covered_display": "0"}, "missing_lines": [107], "excluded_lines": [], "start_line": 106}, "OllamaEmbedder.ndims": {"executed_lines": [], "summary": {"covered_lines": 0, "num_statements": 1, "percent_covered": 0.0, "percent_covered_display": "0", "missing_lines": 1, "excluded_lines": 0, "percent_statements_covered": 0.0, "percent_statements_covered_display": "0"}, "missing_lines": [110], "excluded_lines": [], "start_line": 109}, "OllamaEmbedder.embed": {"executed_lines": [], "summary": {"covered_lines": 0, "num_statements": 2, "percent_covered": 0.0, "percent_covered_display": "0", "missing_lines": 2, "excluded_lines": 0, "percent_statements_covered": 0.0, "percent_statements_covered_display": "0"}, "missing_lines": [113, 114], "excluded_lines": [], "start_line": 112}, "OllamaEmbedder.compute_query_embeddings": {"executed_lines": [], "summary": {"covered_lines": 0, "num_statements": 2, "percent_covered": 0.0, "percent_covered_display": "0", "missing_lines": 2, "excluded_lines": 0, "percent_statements_covered": 0.0, "percent_statements_covered_display": "0"}, "missing_lines": [117, 118], "excluded_lines": [], "start_line": 116}, "OllamaEmbedder.compute_source_embeddings": {"executed_lines": [], "summary": {"covered_lines": 0, "num_statements": 2, "percent_covered": 0.0, "percent_covered_display": "0", "missing_lines": 2, "excluded_lines": 0, "percent_statements_covered": 0.0, "percent_statements_covered_display": "0"}, "missing_lines": [121, 122], "excluded_lines": [], "start_line": 120}, "build_index": {"executed_lines": [], "summary": {"covered_lines": 0, "num_statements": 48, "percent_covered": 0.0, "percent_covered_display": "0", "missing_lines": 48, "excluded_lines": 0, "percent_statements_covered": 0.0, "percent_statements_covered_display": "0"}, "missing_lines": [130, 131, 134, 135, 137, 138, 139, 141, 142, 143, 151, 153, 154, 155, 157, 165, 168, 169, 170, 172, 173, 174, 176, 177, 178, 179, 180, 181, 182, 183, 184, 185, 187, 188, 189, 190, 191, 192, 193, 194, 195, 204, 205, 206, 208, 209, 211, 212], "excluded_lines": [], "start_line": 127}, "search_codebase": {"executed_lines": [], "summary": {"covered_lines": 0, "num_statements": 39, "percent_covered": 0.0, "percent_covered_display": "0", "missing_lines": 39, "excluded_lines": 0, "percent_statements_covered": 0.0, "percent_statements_covered_display": "0"}, "missing_lines": [220, 221, 222, 223, 224, 225, 226, 227, 229, 230, 231, 233, 235, 236, 238, 240, 241, 242, 243, 244, 245, 246, 247, 248, 249, 250, 251, 252, 253, 254, 255, 256, 257, 258, 259, 260, 262, 263, 264], "excluded_lines": [], "start_line": 217}, "main": {"executed_lines": [], "summary": {"covered_lines": 0, "num_statements": 28, "percent_covered": 0.0, "percent_covered_display": "0", "missing_lines": 28, "excluded_lines": 0, "percent_statements_covered": 0.0, "percent_statements_covered_display": "0"}, "missing_lines": [270, 271, 272, 273, 274, 275, 276, 277, 278, 279, 280, 281, 282, 283, 285, 286, 287, 288, 289, 290, 291, 293, 294, 298, 299, 300, 301, 303], "excluded_lines": [], "start_line": 269}, "": {"executed_lines": [2, 4, 5, 6, 7, 8, 9, 10, 12, 13, 15, 17, 19, 20, 23, 26, 29, 30, 31, 32, 40, 41, 42, 43, 44, 45, 46, 51, 59, 63, 69, 100, 102, 103, 104, 106, 109, 112, 116, 120, 127, 217, 269, 305], "summary": {"covered_lines": 44, "num_statements": 48, "percent_covered": 91.66666666666667, "percent_covered_display": "92", "missing_lines": 4, "excluded_lines": 0, "percent_statements_covered": 91.66666666666667, "percent_statements_covered_display": "92"}, "missing_lines": [33, 34, 35, 306], "excluded_lines": [], "start_line": 1}}, "classes": {"OllamaEmbedder": {"executed_lines": [], "summary": {"covered_lines": 0, "num_statements": 8, "percent_covered": 0.0, "percent_covered_display": "0", "missing_lines": 8, "excluded_lines": 0, "percent_statements_covered": 0.0, "percent_statements_covered_display": "0"}, "missing_lines": [107, 110, 113, 114, 117, 118, 121, 122], "excluded_lines": [], "start_line": 102}, "": {"executed_lines": [2, 4, 5, 6, 7, 8, 9, 10, 12, 13, 15, 17, 19, 20, 23, 26, 29, 30, 31, 32, 40, 41, 42, 43, 44, 45, 46, 51, 59, 63, 69, 100, 102, 103, 104, 106, 109, 112, 116, 120, 127, 217, 269, 305], "summary": {"covered_lines": 44, "num_statements": 182, "percent_covered": 24.175824175824175, "percent_covered_display": "24", "missing_lines": 138, "excluded_lines": 0, "percent_statements_covered": 24.175824175824175, "percent_statements_covered_display": "24"}, "missing_lines": [33, 34, 35, 53, 54, 55, 56, 57, 61, 64, 65, 66, 67, 73, 74, 76, 84, 85, 86, 87, 88, 95, 130, 131, 134, 135, 137, 138, 139, 141, 142, 143, 151, 153, 154, 155, 157, 165, 168, 169, 170, 172, 173, 174, 176, 177, 178, 179, 180, 181, 182, 183, 184, 185, 187, 188, 189, 190, 191, 192, 193, 194, 195, 204, 205, 206, 208, 209, 211, 212, 220, 221, 222, 223, 224, 225, 226, 227, 229, 230, 231, 233, 235, 236, 238, 240, 241, 242, 243, 244, 245, 246, 247, 248, 249, 250, 251, 252, 253, 254, 255, 256, 257, 258, 259, 260, 262, 263, 264, 270, 271, 272, 273, 274, 275, 276, 277, 278, 279, 280, 281, 282, 283, 285, 286, 287, 288, 289, 290, 291, 293, 294, 298, 299, 300, 301, 303, 306], "excluded_lines": [], "start_line": 1}}}, "parse.py": {"executed_lines": [], "summary": {"covered_lines": 0, "num_statements": 35, "percent_covered": 0.0, "percent_covered_display": "0", "missing_lines": 35, "excluded_lines": 0, "percent_statements_covered": 0.0, "percent_statements_covered_display": "0"}, "missing_lines": [1, 2, 3, 4, 5, 6, 7, 10, 12, 14, 15, 17, 19, 21, 23, 24, 25, 26, 27, 30, 31, 33, 34, 36, 44, 46, 47, 49, 57, 58, 59, 60, 61, 63, 64], "excluded_lines": [], "functions": {"validate_input": {"executed_lines": [], "summary": {"covered_lines": 0, "num_statements": 3, "percent_covered": 0.0, "percent_covered_display": "0", "missing_lines": 3, "excluded_lines": 0, "percent_statements_covered": 0.0, "percent_statements_covered_display": "0"}, "missing_lines": [14, 15, 17], "excluded_lines": [], "start_line": 12}, "calc_checksum": {"executed_lines": [], "summary": {"covered_lines": 0, "num_statements": 1, "percent_covered": 0.0, "percent_covered_display": "0", "missing_lines": 1, "excluded_lines": 0, "percent_statements_covered": 0.0, "percent_statements_covered_display": "0"}, "missing_lines": [21], "excluded_lines": [], "start_line": 19}, "main": {"executed_lines": [], "summary": {"covered_lines": 0, "num_statements": 18, "percent_covered": 0.0, "percent_covered_display": "0", "missing_lines": 18, "excluded_lines": 0, "percent_statements_covered": 0.0, "percent_statements_covered_display": "0"}, "missing_lines": [24, 25, 26, 27, 30, 31, 33, 34, 36, 44, 46, 47, 49, 57, 58, 59, 60, 61], "excluded_lines": [], "start_line": 23}, "": {"executed_lines": [], "summary": {"covered_lines": 0, "num_statements": 13, "percent_covered": 0.0, "percent_covered_display": "0", "missing_lines": 13, "excluded_lines": 0, "percent_statements_covered": 0.0, "percent_statements_covered_display": "0"}, "missing_lines": [1, 2, 3, 4, 5, 6, 7, 10, 12, 19, 23, 63, 64], "excluded_lines": [], "start_line": 1}}, "classes": {"": {"executed_lines": [], "summary": {"covered_lines": 0, "num_statements": 35, "percent_covered": 0.0, "percent_covered_display": "0", "missing_lines": 35, "excluded_lines": 0, "percent_statements_covered": 0.0, "percent_statements_covered_display": "0"}, "missing_lines": [1, 2, 3, 4, 5, 6, 7, 10, 12, 14, 15, 17, 19, 21, 23, 24, 25, 26, 27, 30, 31, 33, 34, 36, 44, 46, 47, 49, 57, 58, 59, 60, 61, 63, 64], "excluded_lines": [], "start_line": 1}}}, "pytest_coverage_runner.py": {"executed_lines": [], "summary": {"covered_lines": 0, "num_statements": 21, "percent_covered": 0.0, "percent_covered_display": "0", "missing_lines": 21, "excluded_lines": 0, "percent_statements_covered": 0.0, "percent_statements_covered_display": "0"}, "missing_lines": [1, 2, 3, 5, 15, 16, 17, 18, 20, 21, 22, 23, 24, 25, 26, 27, 28, 30, 31, 32, 33], "excluded_lines": [], "functions": {"run_pytest_with_coverage": {"executed_lines": [], "summary": {"covered_lines": 0, "num_statements": 13, "percent_covered": 0.0, "percent_covered_display": "0", "missing_lines": 13, "excluded_lines": 0, "percent_statements_covered": 0.0, "percent_statements_covered_display": "0"}, "missing_lines": [15, 16, 17, 18, 20, 21, 22, 23, 24, 25, 26, 27, 28], "excluded_lines": [], "start_line": 5}, "": {"executed_lines": [], "summary": {"covered_lines": 0, "num_statements": 8, "percent_covered": 0.0, "percent_covered_display": "0", "missing_lines": 8, "excluded_lines": 0, "percent_statements_covered": 0.0, "percent_statements_covered_display": "0"}, "missing_lines": [1, 2, 3, 5, 30, 31, 32, 33], "excluded_lines": [], "start_line": 1}}, "classes": {"": {"executed_lines": [], "summary": {"covered_lines": 0, "num_statements": 21, "percent_covered": 0.0, "percent_covered_display": "0", "missing_lines": 21, "excluded_lines": 0, "percent_statements_covered": 0.0, "percent_statements_covered_display": "0"}, "missing_lines": [1, 2, 3, 5, 15, 16, 17, 18, 20, 21, 22, 23, 24, 25, 26, 27, 28, 30, 31, 32, 33], "excluded_lines": [], "start_line": 1}}}, "sample_module.py": {"executed_lines": [], "summary": {"covered_lines": 0, "num_statements": 13, "percent_covered": 0.0, "percent_covered_display": "0", "missing_lines": 13, "excluded_lines": 0, "percent_statements_covered": 0.0, "percent_statements_covered_display": "0"}, "missing_lines": [4, 6, 9, 11, 12, 13, 14, 17, 20, 21, 24, 26, 29], "excluded_lines": [], "functions": {"simple_func": {"executed_lines": [], "summary": {"covered_lines": 0, "num_statements": 1, "percent_covered": 0.0, "percent_covered_display": "0", "missing_lines": 1, "excluded_lines": 0, "percent_statements_covered": 0.0, "percent_statements_covered_display": "0"}, "missing_lines": [6], "excluded_lines": [], "start_line": 4}, "complex_func": {"executed_lines": [], "summary": {"covered_lines": 0, "num_statements": 4, "percent_covered": 0.0, "percent_covered_display": "0", "missing_lines": 4, "excluded_lines": 0, "percent_statements_covered": 0.0, "percent_statements_covered_display": "0"}, "missing_lines": [11, 12, 13, 14], "excluded_lines": [], "start_line": 9}, "MyClass.method": {"executed_lines": [], "summary": {"covered_lines": 0, "num_statements": 1, "percent_covered": 0.0, "percent_covered_display": "0", "missing_lines": 1, "excluded_lines": 0, "percent_statements_covered": 0.0, "percent_statements_covered_display": "0"}, "missing_lines": [21], "excluded_lines": [], "start_line": 20}, "another_func": {"executed_lines": [], "summary": {"covered_lines": 0, "num_statements": 2, "percent_covered": 0.0, "percent_covered_display": "0", "missing_lines": 2, "excluded_lines": 0, "percent_statements_covered": 0.0, "percent_statements_covered_display": "0"}, "missing_lines": [26, 29], "excluded_lines": [], "start_line": 24}, "": {"executed_lines": [], "summary": {"covered_lines": 0, "num_statements": 5, "percent_covered": 0.0, "percent_covered_display": "0", "missing_lines": 5, "excluded_lines": 0, "percent_statements_covered": 0.0, "percent_statements_covered_display": "0"}, "missing_lines": [4, 9, 17, 20, 24], "excluded_lines": [], "start_line": 1}}, "classes": {"MyClass": {"executed_lines": [], "summary": {"covered_lines": 0, "num_statements": 1, "percent_covered": 0.0, "percent_covered_display": "0", "missing_lines": 1, "excluded_lines": 0, "percent_statements_covered": 0.0, "percent_statements_covered_display": "0"}, "missing_lines": [21], "excluded_lines": [], "start_line": 17}, "": {"executed_lines": [], "summary": {"covered_lines": 0, "num_statements": 12, "percent_covered": 0.0, "percent_covered_display": "0", "missing_lines": 12, "excluded_lines": 0, "percent_statements_covered": 0.0, "percent_statements_covered_display": "0"}, "missing_lines": [4, 6, 9, 11, 12, 13, 14, 17, 20, 24, 26, 29], "excluded_lines": [], "start_line": 1}}}, "search.py": {"executed_lines": [2, 3, 4, 6], "summary": {"covered_lines": 4, "num_statements": 19, "percent_covered": 21.05263157894737, "percent_covered_display": "21", "missing_lines": 15, "excluded_lines": 0, "percent_statements_covered": 21.05263157894737, "percent_statements_covered_display": "21"}, "missing_lines": [20, 22, 24, 25, 26, 28, 29, 30, 31, 32, 33, 34, 36, 37, 39], "excluded_lines": [], "functions": {"search_codebase": {"executed_lines": [], "summary": {"covered_lines": 0, "num_statements": 15, "percent_covered": 0.0, "percent_covered_display": "0", "missing_lines": 15, "excluded_lines": 0, "percent_statements_covered": 0.0, "percent_statements_covered_display": "0"}, "missing_lines": [20, 22, 24, 25, 26, 28, 29, 30, 31, 32, 33, 34, 36, 37, 39], "excluded_lines": [], "start_line": 6}, "": {"executed_lines": [2, 3, 4, 6], "summary": {"covered_lines": 4, "num_statements": 4, "percent_covered": 100.0, "percent_covered_display": "100", "missing_lines": 0, "excluded_lines": 0, "percent_statements_covered": 100.0, "percent_statements_covered_display": "100"}, "missing_lines": [], "excluded_lines": [], "start_line": 1}}, "classes": {"": {"executed_lines": [2, 3, 4, 6], "summary": {"covered_lines": 4, "num_statements": 19, "percent_covered": 21.05263157894737, "percent_covered_display": "21", "missing_lines": 15, "excluded_lines": 0, "percent_statements_covered": 21.05263157894737, "percent_statements_covered_display": "21"}, "missing_lines": [20, 22, 24, 25, 26, 28, 29, 30, 31, 32, 33, 34, 36, 37, 39], "excluded_lines": [], "start_line": 1}}}, "security_search.py": {"executed_lines": [], "summary": {"covered_lines": 0, "num_statements": 49, "percent_covered": 0.0, "percent_covered_display": "0", "missing_lines": 49, "excluded_lines": 0, "percent_statements_covered": 0.0, "percent_statements_covered_display": "0"}, "missing_lines": [7, 8, 9, 10, 11, 13, 16, 53, 64, 67, 68, 69, 72, 73, 74, 76, 77, 78, 79, 80, 81, 82, 83, 85, 86, 91, 98, 100, 102, 103, 107, 108, 112, 113, 117, 118, 122, 123, 127, 129, 130, 131, 132, 133, 134, 136, 137, 139, 140], "excluded_lines": [], "functions": {"search_security_patterns": {"executed_lines": [], "summary": {"covered_lines": 0, "num_statements": 18, "percent_covered": 0.0, "percent_covered_display": "0", "missing_lines": 18, "excluded_lines": 0, "percent_statements_covered": 0.0, "percent_statements_covered_display": "0"}, "missing_lines": [64, 67, 68, 69, 72, 73, 74, 76, 77, 78, 79, 80, 81, 82, 83, 85, 86, 91], "excluded_lines": [], "start_line": 53}, "_generate_recommendations": {"executed_lines": [], "summary": {"covered_lines": 0, "num_statements": 12, "percent_covered": 0.0, "percent_covered_display": "0", "missing_lines": 12, "excluded_lines": 0, "percent_statements_covered": 0.0, "percent_statements_covered_display": "0"}, "missing_lines": [100, 102, 103, 107, 108, 112, 113, 117, 118, 122, 123, 127], "excluded_lines": [], "start_line": 98}, "main": {"executed_lines": [], "summary": {"covered_lines": 0, "num_statements": 7, "percent_covered": 0.0, "percent_covered_display": "0", "missing_lines": 7, "excluded_lines": 0, "percent_statements_covered": 0.0, "percent_statements_covered_display": "0"}, "missing_lines": [130, 131, 132, 133, 134, 136, 137], "excluded_lines": [], "start_line": 129}, "": {"executed_lines": [], "summary": {"covered_lines": 0, "num_statements": 12, "percent_covered": 0.0, "percent_covered_display": "0", "missing_lines": 12, "excluded_lines": 0, "percent_statements_covered": 0.0, "percent_statements_covered_display": "0"}, "missing_lines": [7, 8, 9, 10, 11, 13, 16, 53, 98, 129, 139, 140], "excluded_lines": [], "start_line": 1}}, "classes": {"": {"executed_lines": [], "summary": {"covered_lines": 0, "num_statements": 49, "percent_covered": 0.0, "percent_covered_display": "0", "missing_lines": 49, "excluded_lines": 0, "percent_statements_covered": 0.0, "percent_statements_covered_display": "0"}, "missing_lines": [7, 8, 9, 10, 11, 13, 16, 53, 64, 67, 68, 69, 72, 73, 74, 76, 77, 78, 79, 80, 81, 82, 83, 85, 86, 91, 98, 100, 102, 103, 107, 108, 112, 113, 117, 118, 122, 123, 127, 129, 130, 131, 132, 133, 134, 136, 137, 139, 140], "excluded_lines": [], "start_line": 1}}}, "test_code_puppy_tool.py": {"executed_lines": [1, 2, 3, 4, 6, 7, 9, 11, 12, 14, 15, 20, 22, 23, 25, 27, 28, 30, 31, 36, 38, 39, 41, 43, 44, 46, 47, 53, 54, 56, 57, 59, 61, 62, 64, 65, 71, 73, 74, 76], "summary": {"covered_lines": 40, "num_statements": 40, "percent_covered": 100.0, "percent_covered_display": "100", "missing_lines": 0, "excluded_lines": 0, "percent_statements_covered": 100.0, "percent_statements_covered_display": "100"}, "missing_lines": [], "excluded_lines": [], "functions": {"TestMain.test_main_imports": {"executed_lines": [9], "summary": {"covered_lines": 1, "num_statements": 1, "percent_covered": 100.0, "percent_covered_display": "100", "missing_lines": 0, "excluded_lines": 0, "percent_statements_covered": 100.0, "percent_statements_covered_display": "100"}, "missing_lines": [], "excluded_lines": [], "start_line": 7}, "TestMain.test_process_query_called": {"executed_lines": [14, 15, 20, 22, 23, 25], "summary": {"covered_lines": 6, "num_statements": 6, "percent_covered": 100.0, "percent_covered_display": "100", "missing_lines": 0, "excluded_lines": 0, "percent_statements_covered": 100.0, "percent_statements_covered_display": "100"}, "missing_lines": [], "excluded_lines": [], "start_line": 12}, "TestMain.test_results_printed": {"executed_lines": [30, 31, 36, 38, 39, 41], "summary": {"covered_lines": 6, "num_statements": 6, "percent_covered": 100.0, "percent_covered_display": "100", "missing_lines": 0, "excluded_lines": 0, "percent_statements_covered": 100.0, "percent_statements_covered_display": "100"}, "missing_lines": [], "excluded_lines": [], "start_line": 28}, "TestMain.test_critique_displayed_when_true": {"executed_lines": [46, 47, 53, 54, 56, 57, 59], "summary": {"covered_lines": 7, "num_statements": 7, "percent_covered": 100.0, "percent_covered_display": "100", "missing_lines": 0, "excluded_lines": 0, "percent_statements_covered": 100.0, "percent_statements_covered_display": "100"}, "missing_lines": [], "excluded_lines": [], "start_line": 44}, "TestMain.test_no_critique_when_flag": {"executed_lines": [64, 65, 71, 73, 74, 76], "summary": {"covered_lines": 6, "num_statements": 6, "percent_covered": 100.0, "percent_covered_display": "100", "missing_lines": 0, "excluded_lines": 0, "percent_statements_covered": 100.0, "percent_statements_covered_display": "100"}, "missing_lines": [], "excluded_lines": [], "start_line": 62}, "": {"executed_lines": [1, 2, 3, 4, 6, 7, 11, 12, 27, 28, 43, 44, 61, 62], "summary": {"covered_lines": 14, "num_statements": 14, "percent_covered": 100.0, "percent_covered_display": "100", "missing_lines": 0, "excluded_lines": 0, "percent_statements_covered": 100.0, "percent_statements_covered_display": "100"}, "missing_lines": [], "excluded_lines": [], "start_line": 1}}, "classes": {"TestMain": {"executed_lines": [9, 14, 15, 20, 22, 23, 25, 30, 31, 36, 38, 39, 41, 46, 47, 53, 54, 56, 57, 59, 64, 65, 71, 73, 74, 76], "summary": {"covered_lines": 26, "num_statements": 26, "percent_covered": 100.0, "percent_covered_display": "100", "missing_lines": 0, "excluded_lines": 0, "percent_statements_covered": 100.0, "percent_statements_covered_display": "100"}, "missing_lines": [], "excluded_lines": [], "start_line": 6}, "": {"executed_lines": [1, 2, 3, 4, 6, 7, 11, 12, 27, 28, 43, 44, 61, 62], "summary": {"covered_lines": 14, "num_statements": 14, "percent_covered": 100.0, "percent_covered_display": "100", "missing_lines": 0, "excluded_lines": 0, "percent_statements_covered": 100.0, "percent_statements_covered_display": "100"}, "missing_lines": [], "excluded_lines": [], "start_line": 1}}}, "test_generator.py": {"executed_lines": [7, 8, 9, 10, 12, 20, 58, 106], "summary": {"covered_lines": 8, "num_statements": 53, "percent_covered": 15.09433962264151, "percent_covered_display": "15", "missing_lines": 45, "excluded_lines": 0, "percent_statements_covered": 15.09433962264151, "percent_statements_covered_display": "15"}, "missing_lines": [17, 18, 28, 29, 30, 31, 34, 35, 36, 39, 40, 41, 43, 45, 46, 47, 49, 50, 52, 53, 55, 56, 64, 67, 68, 69, 70, 71, 73, 74, 75, 78, 86, 87, 88, 89, 90, 92, 93, 98, 100, 107, 108, 109, 110], "excluded_lines": [], "functions": {"extract_function_names": {"executed_lines": [], "summary": {"covered_lines": 0, "num_statements": 2, "percent_covered": 0.0, "percent_covered_display": "0", "missing_lines": 2, "excluded_lines": 0, "percent_statements_covered": 0.0, "percent_statements_covered_display": "0"}, "missing_lines": [17, 18], "excluded_lines": [], "start_line": 12}, "get_full_function": {"executed_lines": [], "summary": {"covered_lines": 0, "num_statements": 20, "percent_covered": 0.0, "percent_covered_display": "0", "missing_lines": 20, "excluded_lines": 0, "percent_statements_covered": 0.0, "percent_statements_covered_display": "0"}, "missing_lines": [28, 29, 30, 31, 34, 35, 36, 39, 40, 41, 43, 45, 46, 47, 49, 50, 52, 53, 55, 56], "excluded_lines": [], "start_line": 20}, "generate_tests": {"executed_lines": [], "summary": {"covered_lines": 0, "num_statements": 19, "percent_covered": 0.0, "percent_covered_display": "0", "missing_lines": 19, "excluded_lines": 0, "percent_statements_covered": 0.0, "percent_statements_covered_display": "0"}, "missing_lines": [64, 67, 68, 69, 70, 71, 73, 74, 75, 78, 86, 87, 88, 89, 90, 92, 93, 98, 100], "excluded_lines": [], "start_line": 58}, "": {"executed_lines": [7, 8, 9, 10, 12, 20, 58, 106], "summary": {"covered_lines": 8, "num_statements": 12, "percent_covered": 66.66666666666667, "percent_covered_display": "67", "missing_lines": 4, "excluded_lines": 0, "percent_statements_covered": 66.66666666666667, "percent_statements_covered_display": "67"}, "missing_lines": [107, 108, 109, 110], "excluded_lines": [], "start_line": 1}}, "classes": {"": {"executed_lines": [7, 8, 9, 10, 12, 20, 58, 106], "summary": {"covered_lines": 8, "num_statements": 53, "percent_covered": 15.09433962264151, "percent_covered_display": "15", "missing_lines": 45, "excluded_lines": 0, "percent_statements_covered": 15.09433962264151, "percent_statements_covered_display": "15"}, "missing_lines": [17, 18, 28, 29, 30, 31, 34, 35, 36, 39, 40, 41, 43, 45, 46, 47, 49, 50, 52, 53, 55, 56, 64, 67, 68, 69, 70, 71, 73, 74, 75, 78, 86, 87, 88, 89, 90, 92, 93, 98, 100, 107, 108, 109, 110], "excluded_lines": [], "start_line": 1}}}, "untested_code_finder.py": {"executed_lines": [], "summary": {"covered_lines": 0, "num_statements": 75, "percent_covered": 0.0, "percent_covered_display": "0", "missing_lines": 75, "excluded_lines": 0, "percent_statements_covered": 0.0, "percent_statements_covered_display": "0"}, "missing_lines": [9, 10, 11, 12, 13, 16, 18, 21, 31, 35, 36, 37, 39, 50, 56, 57, 58, 59, 60, 61, 62, 64, 66, 68, 72, 73, 74, 75, 76, 78, 82, 87, 88, 89, 90, 91, 92, 93, 94, 99, 101, 105, 110, 111, 113, 114, 115, 116, 117, 118, 120, 122, 126, 127, 132, 133, 134, 135, 136, 139, 140, 141, 142, 143, 144, 145, 147, 148, 149, 150, 151, 152, 153, 156, 157], "excluded_lines": [], "functions": {"UntestedCodeFinder.__init__": {"executed_lines": [], "summary": {"covered_lines": 0, "num_statements": 3, "percent_covered": 0.0, "percent_covered_display": "0", "missing_lines": 3, "excluded_lines": 0, "percent_statements_covered": 0.0, "percent_statements_covered_display": "0"}, "missing_lines": [35, 36, 37], "excluded_lines": [], "start_line": 31}, "UntestedCodeFinder.find_untested_code": {"executed_lines": [], "summary": {"covered_lines": 0, "num_statements": 10, "percent_covered": 0.0, "percent_covered_display": "0", "missing_lines": 10, "excluded_lines": 0, "percent_statements_covered": 0.0, "percent_statements_covered_display": "0"}, "missing_lines": [50, 56, 57, 58, 59, 60, 61, 62, 64, 66], "excluded_lines": [], "start_line": 39}, "UntestedCodeFinder._parse_coverage_report": {"executed_lines": [], "summary": {"covered_lines": 0, "num_statements": 5, "percent_covered": 0.0, "percent_covered_display": "0", "missing_lines": 5, "excluded_lines": 0, "percent_statements_covered": 0.0, "percent_statements_covered_display": "0"}, "missing_lines": [72, 73, 74, 75, 76], "excluded_lines": [], "start_line": 68}, "UntestedCodeFinder._analyze_coverage_data": {"executed_lines": [], "summary": {"covered_lines": 0, "num_statements": 10, "percent_covered": 0.0, "percent_covered_display": "0", "missing_lines": 10, "excluded_lines": 0, "percent_statements_covered": 0.0, "percent_statements_covered_display": "0"}, "missing_lines": [82, 87, 88, 89, 90, 91, 92, 93, 94, 99], "excluded_lines": [], "start_line": 78}, "UntestedCodeFinder._analyze_heuristic": {"executed_lines": [], "summary": {"covered_lines": 0, "num_statements": 10, "percent_covered": 0.0, "percent_covered_display": "0", "missing_lines": 10, "excluded_lines": 0, "percent_statements_covered": 0.0, "percent_statements_covered_display": "0"}, "missing_lines": [105, 110, 111, 113, 114, 115, 116, 117, 118, 120], "excluded_lines": [], "start_line": 101}, "UntestedCodeFinder._find_corresponding_test": {"executed_lines": [], "summary": {"covered_lines": 0, "num_statements": 7, "percent_covered": 0.0, "percent_covered_display": "0", "missing_lines": 7, "excluded_lines": 0, "percent_statements_covered": 0.0, "percent_statements_covered_display": "0"}, "missing_lines": [126, 127, 132, 133, 134, 135, 136], "excluded_lines": [], "start_line": 122}, "main": {"executed_lines": [], "summary": {"covered_lines": 0, "num_statements": 13, "percent_covered": 0.0, "percent_covered_display": "0", "missing_lines": 13, "excluded_lines": 0, "percent_statements_covered": 0.0, "percent_statements_covered_display": "0"}, "missing_lines": [140, 141, 142, 143, 144, 145, 147, 148, 149, 150, 151, 152, 153], "excluded_lines": [], "start_line": 139}, "": {"executed_lines": [], "summary": {"covered_lines": 0, "num_statements": 17, "percent_covered": 0.0, "percent_covered_display": "0", "missing_lines": 17, "excluded_lines": 0, "percent_statements_covered": 0.0, "percent_statements_covered_display": "0"}, "missing_lines": [9, 10, 11, 12, 13, 16, 18, 21, 31, 39, 68, 78, 101, 122, 139, 156, 157], "excluded_lines": [], "start_line": 1}}, "classes": {"CodeCoverageError": {"executed_lines": [], "summary": {"covered_lines": 0, "num_statements": 0, "percent_covered": 100.0, "percent_covered_display": "100", "missing_lines": 0, "excluded_lines": 0, "percent_statements_covered": 100.0, "percent_statements_covered_display": "100"}, "missing_lines": [], "excluded_lines": [], "start_line": 16}, "UntestedCodeFinder": {"executed_lines": [], "summary": {"covered_lines": 0, "num_statements": 45, "percent_covered": 0.0, "percent_covered_display": "0", "missing_lines": 45, "excluded_lines": 0, "percent_statements_covered": 0.0, "percent_statements_covered_display": "0"}, "missing_lines": [35, 36, 37, 50, 56, 57, 58, 59, 60, 61, 62, 64, 66, 72, 73, 74, 75, 76, 82, 87, 88, 89, 90, 91, 92, 93, 94, 99, 105, 110, 111, 113, 114, 115, 116, 117, 118, 120, 126, 127, 132, 133, 134, 135, 136], "excluded_lines": [], "start_line": 21}, "": {"executed_lines": [], "summary": {"covered_lines": 0, "num_statements": 30, "percent_covered": 0.0, "percent_covered_display": "0", "missing_lines": 30, "excluded_lines": 0, "percent_statements_covered": 0.0, "percent_statements_covered_display": "0"}, "missing_lines": [9, 10, 11, 12, 13, 16, 18, 21, 31, 39, 68, 78, 101, 122, 139, 140, 141, 142, 143, 144, 145, 147, 148, 149, 150, 151, 152, 153, 156, 157], "excluded_lines": [], "start_line": 1}}}}, "totals": {"covered_lines": 171, "num_statements": 1127, "percent_covered": 15.173025732031943, "percent_covered_display": "15", "missing_lines": 956, "excluded_lines": 0, "percent_statements_covered": 15.173025732031943, "percent_statements_covered_display": "15"}}