{"meta": {"format": 3, "version": "7.14.1", "timestamp": "2026-06-17T12:00:34.985789", "branch_coverage": false, "show_contexts": false}, "files": {"add.py": {"executed_lines": [], "summary": {"covered_lines": 0, "num_statements": 2, "percent_covered": 0.0, "percent_covered_display": "0", "missing_lines": 2, "excluded_lines": 0, "percent_statements_covered": 0.0, "percent_statements_covered_display": "0"}, "missing_lines": [1, 3], "excluded_lines": [], "functions": {"add": {"executed_lines": [], "summary": {"covered_lines": 0, "num_statements": 1, "percent_covered": 0.0, "percent_covered_display": "0", "missing_lines": 1, "excluded_lines": 0, "percent_statements_covered": 0.0, "percent_statements_covered_display": "0"}, "missing_lines": [3], "excluded_lines": [], "start_line": 1}, "": {"executed_lines": [], "summary": {"covered_lines": 0, "num_statements": 1, "percent_covered": 0.0, "percent_covered_display": "0", "missing_lines": 1, "excluded_lines": 0, "percent_statements_covered": 0.0, "percent_statements_covered_display": "0"}, "missing_lines": [1], "excluded_lines": [], "start_line": 1}}, "classes": {"": {"executed_lines": [], "summary": {"covered_lines": 0, "num_statements": 2, "percent_covered": 0.0, "percent_covered_display": "0", "missing_lines": 2, "excluded_lines": 0, "percent_statements_covered": 0.0, "percent_statements_covered_display": "0"}, "missing_lines": [1, 3], "excluded_lines": [], "start_line": 1}}}, "auto_test_runner.py": {"executed_lines": [], "summary": {"covered_lines": 0, "num_statements": 41, "percent_covered": 0.0, "percent_covered_display": "0", "missing_lines": 41, "excluded_lines": 0, "percent_statements_covered": 0.0, "percent_statements_covered_display": "0"}, "missing_lines": [4, 5, 6, 7, 9, 11, 13, 14, 16, 18, 19, 21, 23, 24, 26, 28, 29, 30, 32, 34, 36, 39, 40, 41, 43, 45, 46, 48, 49, 51, 53, 55, 57, 58, 59, 61, 62, 64, 65, 68, 69], "excluded_lines": [], "functions": {"run_tests": {"executed_lines": [], "summary": {"covered_lines": 0, "num_statements": 14, "percent_covered": 0.0, "percent_covered_display": "0", "missing_lines": 14, "excluded_lines": 0, "percent_statements_covered": 0.0, "percent_statements_covered_display": "0"}, "missing_lines": [11, 13, 14, 16, 18, 19, 21, 23, 24, 26, 28, 29, 30, 32], "excluded_lines": [], "start_line": 9}, "on_edit": {"executed_lines": [], "summary": {"covered_lines": 0, "num_statements": 11, "percent_covered": 0.0, "percent_covered_display": "0", "missing_lines": 11, "excluded_lines": 0, "percent_statements_covered": 0.0, "percent_statements_covered_display": "0"}, "missing_lines": [36, 39, 40, 41, 43, 45, 46, 48, 49, 51, 53], "excluded_lines": [], "start_line": 34}, "suggest_fix": {"executed_lines": [], "summary": {"covered_lines": 0, "num_statements": 3, "percent_covered": 0.0, "percent_covered_display": "0", "missing_lines": 3, "excluded_lines": 0, "percent_statements_covered": 0.0, "percent_statements_covered_display": "0"}, "missing_lines": [57, 58, 59], "excluded_lines": [], "start_line": 55}, "": {"executed_lines": [], "summary": {"covered_lines": 0, "num_statements": 13, "percent_covered": 0.0, "percent_covered_display": "0", "missing_lines": 13, "excluded_lines": 0, "percent_statements_covered": 0.0, "percent_statements_covered_display": "0"}, "missing_lines": [4, 5, 6, 7, 9, 34, 55, 61, 62, 64, 65, 68, 69], "excluded_lines": [], "start_line": 1}}, "classes": {"": {"executed_lines": [], "summary": {"covered_lines": 0, "num_statements": 41, "percent_covered": 0.0, "percent_covered_display": "0", "missing_lines": 41, "excluded_lines": 0, "percent_statements_covered": 0.0, "percent_statements_covered_display": "0"}, "missing_lines": [4, 5, 6, 7, 9, 11, 13, 14, 16, 18, 19, 21, 23, 24, 26, 28, 29, 30, 32, 34, 36, 39, 40, 41, 43, 45, 46, 48, 49, 51, 53, 55, 57, 58, 59, 61, 62, 64, 65, 68, 69], "excluded_lines": [], "start_line": 1}}}, "benchmark_scorer.py": {"executed_lines": [], "summary": {"covered_lines": 0, "num_statements": 62, "percent_covered": 0.0, "percent_covered_display": "0", "missing_lines": 62, "excluded_lines": 0, "percent_statements_covered": 0.0, "percent_statements_covered_display": "0"}, "missing_lines": [1, 2, 3, 7, 8, 14, 15, 17, 18, 19, 21, 22, 23, 25, 26, 30, 31, 32, 36, 37, 39, 42, 45, 46, 49, 52, 53, 56, 57, 60, 63, 65, 66, 69, 70, 71, 72, 73, 74, 76, 80, 81, 83, 85, 87, 88, 89, 90, 91, 92, 93, 95, 97, 103, 107, 108, 110, 111, 113, 115, 116, 118], "excluded_lines": [], "functions": {"has_multiple_options": {"executed_lines": [], "summary": {"covered_lines": 0, "num_statements": 3, "percent_covered": 0.0, "percent_covered_display": "0", "missing_lines": 3, "excluded_lines": 0, "percent_statements_covered": 0.0, "percent_statements_covered_display": "0"}, "missing_lines": [8, 14, 15], "excluded_lines": [], "start_line": 7}, "has_tradeoffs": {"executed_lines": [], "summary": {"covered_lines": 0, "num_statements": 2, "percent_covered": 0.0, "percent_covered_display": "0", "missing_lines": 2, "excluded_lines": 0, "percent_statements_covered": 0.0, "percent_statements_covered_display": "0"}, "missing_lines": [18, 19], "excluded_lines": [], "start_line": 17}, "has_decision": {"executed_lines": [], "summary": {"covered_lines": 0, "num_statements": 2, "percent_covered": 0.0, "percent_covered_display": "0", "missing_lines": 2, "excluded_lines": 0, "percent_statements_covered": 0.0, "percent_statements_covered_display": "0"}, "missing_lines": [22, 23], "excluded_lines": [], "start_line": 21}, "has_specificity": {"executed_lines": [], "summary": {"covered_lines": 0, "num_statements": 1, "percent_covered": 0.0, "percent_covered_display": "0", "missing_lines": 1, "excluded_lines": 0, "percent_statements_covered": 0.0, "percent_statements_covered_display": "0"}, "missing_lines": [26], "excluded_lines": [], "start_line": 25}, "mentions_constraints": {"executed_lines": [], "summary": {"covered_lines": 0, "num_statements": 2, "percent_covered": 0.0, "percent_covered_display": "0", "missing_lines": 2, "excluded_lines": 0, "percent_statements_covered": 0.0, "percent_statements_covered_display": "0"}, "missing_lines": [31, 32], "excluded_lines": [], "start_line": 30}, "score_entry": {"executed_lines": [], "summary": {"covered_lines": 0, "num_statements": 21, "percent_covered": 0.0, "percent_covered_display": "0", "missing_lines": 21, "excluded_lines": 0, "percent_statements_covered": 0.0, "percent_statements_covered_display": "0"}, "missing_lines": [37, 39, 42, 45, 46, 49, 52, 53, 56, 57, 60, 63, 65, 66, 69, 70, 71, 72, 73, 74, 76], "excluded_lines": [], "start_line": 36}, "run_benchmark": {"executed_lines": [], "summary": {"covered_lines": 0, "num_statements": 13, "percent_covered": 0.0, "percent_covered_display": "0", "missing_lines": 13, "excluded_lines": 0, "percent_statements_covered": 0.0, "percent_statements_covered_display": "0"}, "missing_lines": [81, 83, 85, 87, 88, 89, 90, 91, 92, 93, 95, 97, 103], "excluded_lines": [], "start_line": 80}, "": {"executed_lines": [], "summary": {"covered_lines": 0, "num_statements": 18, "percent_covered": 0.0, "percent_covered_display": "0", "missing_lines": 18, "excluded_lines": 0, "percent_statements_covered": 0.0, "percent_statements_covered_display": "0"}, "missing_lines": [1, 2, 3, 7, 17, 21, 25, 30, 36, 80, 107, 108, 110, 111, 113, 115, 116, 118], "excluded_lines": [], "start_line": 1}}, "classes": {"": {"executed_lines": [], "summary": {"covered_lines": 0, "num_statements": 62, "percent_covered": 0.0, "percent_covered_display": "0", "missing_lines": 62, "excluded_lines": 0, "percent_statements_covered": 0.0, "percent_statements_covered_display": "0"}, "missing_lines": [1, 2, 3, 7, 8, 14, 15, 17, 18, 19, 21, 22, 23, 25, 26, 30, 31, 32, 36, 37, 39, 42, 45, 46, 49, 52, 53, 56, 57, 60, 63, 65, 66, 69, 70, 71, 72, 73, 74, 76, 80, 81, 83, 85, 87, 88, 89, 90, 91, 92, 93, 95, 97, 103, 107, 108, 110, 111, 113, 115, 116, 118], "excluded_lines": [], "start_line": 1}}}, "brain_ai_wrapper.py": {"executed_lines": [7, 8, 9, 10, 11, 12, 15, 19, 21, 22, 23, 26, 35, 36, 37, 39, 40, 41, 42, 43, 44, 45, 46, 47, 48, 49, 50, 52, 53, 54, 55, 56, 57, 59, 61, 62, 65, 77, 80, 81, 83, 85, 97, 98, 99, 101, 103, 104, 105, 106, 107, 109, 110, 111, 113, 115, 117, 118, 119, 121, 123, 125, 127, 129, 131, 132, 133, 134, 135, 137, 138, 139, 141, 143, 145, 146, 147, 148, 150, 152, 161, 163, 165, 167, 168, 169, 170, 171, 172, 173, 185, 186, 188, 190, 191, 192, 193, 194, 195, 197, 198, 200, 205, 207, 209, 210, 211, 212, 213, 220, 222, 224, 225, 226, 227, 228, 230, 231, 232, 234, 236, 238, 239, 240, 241, 249, 250, 252, 254, 255, 256, 257, 265, 266, 268, 270, 282, 283, 284, 286, 288, 289, 327, 328, 329, 330, 332, 356, 374, 389, 407, 428, 431, 432, 433, 435, 461, 465, 469, 475, 488, 497, 506, 510], "summary": {"covered_lines": 164, "num_statements": 316, "percent_covered": 51.89873417721519, "percent_covered_display": "52", "missing_lines": 152, "excluded_lines": 0, "percent_statements_covered": 51.89873417721519, "percent_statements_covered_display": "52"}, "missing_lines": [58, 60, 70, 71, 72, 73, 74, 108, 112, 120, 122, 124, 126, 136, 140, 149, 151, 153, 154, 155, 156, 158, 160, 162, 174, 175, 176, 177, 178, 179, 180, 181, 183, 196, 199, 201, 202, 204, 214, 215, 216, 217, 218, 219, 229, 233, 242, 243, 244, 245, 246, 247, 258, 259, 260, 261, 262, 263, 295, 296, 297, 298, 299, 300, 301, 302, 303, 304, 305, 306, 308, 309, 310, 311, 312, 313, 314, 315, 316, 334, 336, 337, 338, 340, 342, 350, 351, 352, 354, 358, 372, 376, 387, 391, 402, 403, 404, 405, 409, 425, 437, 438, 446, 447, 448, 451, 452, 453, 454, 457, 459, 463, 467, 471, 472, 473, 477, 485, 486, 490, 491, 492, 493, 495, 499, 500, 501, 502, 504, 507, 511, 513, 514, 515, 517, 519, 520, 521, 523, 524, 525, 527, 528, 529, 531, 532, 533, 534, 536, 537, 538, 539], "excluded_lines": [], "functions": {"format_monitoring_section": {"executed_lines": [35, 36, 37, 39, 40, 41, 42, 43, 44, 45, 46, 47, 48, 49, 50, 52, 53, 54, 55, 56, 57, 59, 61, 62], "summary": {"covered_lines": 24, "num_statements": 26, "percent_covered": 92.3076923076923, "percent_covered_display": "92", "missing_lines": 2, "excluded_lines": 0, "percent_statements_covered": 92.3076923076923, "percent_statements_covered_display": "92"}, "missing_lines": [58, 60], "excluded_lines": [], "start_line": 26}, "save_critique_with_monitoring": {"executed_lines": [], "summary": {"covered_lines": 0, "num_statements": 5, "percent_covered": 0.0, "percent_covered_display": "0", "missing_lines": 5, "excluded_lines": 0, "percent_statements_covered": 0.0, "percent_statements_covered_display": "0"}, "missing_lines": [70, 71, 72, 73, 74], "excluded_lines": [], "start_line": 65}, "ModelMonitoringEfficacy.__init__": {"executed_lines": [81], "summary": {"covered_lines": 1, "num_statements": 1, "percent_covered": 100.0, "percent_covered_display": "100", "missing_lines": 0, "excluded_lines": 0, "percent_statements_covered": 100.0, "percent_statements_covered_display": "100"}, "missing_lines": [], "excluded_lines": [], "start_line": 80}, "ModelMonitoringEfficacy.capture_model_efficacy": {"executed_lines": [85, 97, 98, 99], "summary": {"covered_lines": 4, "num_statements": 4, "percent_covered": 100.0, "percent_covered_display": "100", "missing_lines": 0, "excluded_lines": 0, "percent_statements_covered": 100.0, "percent_statements_covered_display": "100"}, "missing_lines": [], "excluded_lines": [], "start_line": 83}, "ModelMonitoringEfficacy._estimate_accuracy": {"executed_lines": [103, 104, 105, 106, 107, 109, 110, 111, 113], "summary": {"covered_lines": 9, "num_statements": 11, "percent_covered": 81.81818181818181, "percent_covered_display": "82", "missing_lines": 2, "excluded_lines": 0, "percent_statements_covered": 81.81818181818181, "percent_statements_covered_display": "82"}, "missing_lines": [108, 112], "excluded_lines": [], "start_line": 101}, "ModelMonitoringEfficacy._estimate_f1": {"executed_lines": [117, 118, 119, 121, 123, 125, 127], "summary": {"covered_lines": 7, "num_statements": 11, "percent_covered": 63.63636363636363, "percent_covered_display": "64", "missing_lines": 4, "excluded_lines": 0, "percent_statements_covered": 63.63636363636363, "percent_statements_covered_display": "64"}, "missing_lines": [120, 122, 124, 126], "excluded_lines": [], "start_line": 115}, "ModelMonitoringEfficacy._extract_code_quality": {"executed_lines": [131, 132, 133, 134, 135, 137, 138, 139, 141], "summary": {"covered_lines": 9, "num_statements": 11, "percent_covered": 81.81818181818181, "percent_covered_display": "82", "missing_lines": 2, "excluded_lines": 0, "percent_statements_covered": 81.81818181818181, "percent_statements_covered_display": "82"}, "missing_lines": [136, 140], "excluded_lines": [], "start_line": 129}, "ModelMonitoringEfficacy._extract_test_coverage": {"executed_lines": [145, 146, 147, 148, 150, 152, 161, 163], "summary": {"covered_lines": 8, "num_statements": 17, "percent_covered": 47.05882352941177, "percent_covered_display": "47", "missing_lines": 9, "excluded_lines": 0, "percent_statements_covered": 47.05882352941177, "percent_statements_covered_display": "47"}, "missing_lines": [149, 151, 153, 154, 155, 156, 158, 160, 162], "excluded_lines": [], "start_line": 143}, "ModelMonitoringEfficacy._analyze_edge_cases": {"executed_lines": [167, 168, 169, 170, 171, 172, 173, 185, 186], "summary": {"covered_lines": 9, "num_statements": 18, "percent_covered": 50.0, "percent_covered_display": "50", "missing_lines": 9, "excluded_lines": 0, "percent_statements_covered": 50.0, "percent_statements_covered_display": "50"}, "missing_lines": [174, 175, 176, 177, 178, 179, 180, 181, 183], "excluded_lines": [], "start_line": 165}, "ModelMonitoringEfficacy._calculate_complexity": {"executed_lines": [190, 191, 192, 193, 194, 195, 197, 198, 200, 205], "summary": {"covered_lines": 10, "num_statements": 15, "percent_covered": 66.66666666666667, "percent_covered_display": "67", "missing_lines": 5, "excluded_lines": 0, "percent_statements_covered": 66.66666666666667, "percent_statements_covered_display": "67"}, "missing_lines": [196, 199, 201, 202, 204], "excluded_lines": [], "start_line": 188}, "ModelMonitoringEfficacy._extract_performance": {"executed_lines": [209, 210, 211, 212, 213, 220], "summary": {"covered_lines": 6, "num_statements": 12, "percent_covered": 50.0, "percent_covered_display": "50", "missing_lines": 6, "excluded_lines": 0, "percent_statements_covered": 50.0, "percent_statements_covered_display": "50"}, "missing_lines": [214, 215, 216, 217, 218, 219], "excluded_lines": [], "start_line": 207}, "ModelMonitoringEfficacy._count_security_issues": {"executed_lines": [224, 225, 226, 227, 228, 230, 231, 232, 234], "summary": {"covered_lines": 9, "num_statements": 11, "percent_covered": 81.81818181818181, "percent_covered_display": "82", "missing_lines": 2, "excluded_lines": 0, "percent_statements_covered": 81.81818181818181, "percent_statements_covered_display": "82"}, "missing_lines": [229, 233], "excluded_lines": [], "start_line": 222}, "ModelMonitoringEfficacy._analyze_error_handling": {"executed_lines": [238, 239, 240, 241, 249, 250], "summary": {"covered_lines": 6, "num_statements": 12, "percent_covered": 50.0, "percent_covered_display": "50", "missing_lines": 6, "excluded_lines": 0, "percent_statements_covered": 50.0, "percent_statements_covered_display": "50"}, "missing_lines": [242, 243, 244, 245, 246, 247], "excluded_lines": [], "start_line": 236}, "ModelMonitoringEfficacy._extract_doc_quality": {"executed_lines": [254, 255, 256, 257, 265, 266], "summary": {"covered_lines": 6, "num_statements": 12, "percent_covered": 50.0, "percent_covered_display": "50", "missing_lines": 6, "excluded_lines": 0, "percent_statements_covered": 50.0, "percent_statements_covered_display": "50"}, "missing_lines": [258, 259, 260, 261, 262, 263], "excluded_lines": [], "start_line": 252}, "ModelMonitoringEfficacy._calculate_overall_score": {"executed_lines": [270, 282, 283, 284], "summary": {"covered_lines": 4, "num_statements": 4, "percent_covered": 100.0, "percent_covered_display": "100", "missing_lines": 0, "excluded_lines": 0, "percent_statements_covered": 100.0, "percent_statements_covered_display": "100"}, "missing_lines": [], "excluded_lines": [], "start_line": 268}, "ModelMonitoringEfficacy.get_trend_analysis": {"executed_lines": [288, 289], "summary": {"covered_lines": 2, "num_statements": 23, "percent_covered": 8.695652173913043, "percent_covered_display": "9", "missing_lines": 21, "excluded_lines": 0, "percent_statements_covered": 8.695652173913043, "percent_statements_covered_display": "9"}, "missing_lines": [295, 296, 297, 298, 299, 300, 301, 302, 303, 304, 305, 306, 308, 309, 310, 311, 312, 313, 314, 315, 316], "excluded_lines": [], "start_line": 286}, "BrainAI.__init__": {"executed_lines": [329, 330], "summary": {"covered_lines": 2, "num_statements": 2, "percent_covered": 100.0, "percent_covered_display": "100", "missing_lines": 0, "excluded_lines": 0, "percent_statements_covered": 100.0, "percent_statements_covered_display": "100"}, "missing_lines": [], "excluded_lines": [], "start_line": 328}, "BrainAI.run": {"executed_lines": [], "summary": {"covered_lines": 0, "num_statements": 10, "percent_covered": 0.0, "percent_covered_display": "0", "missing_lines": 10, "excluded_lines": 0, "percent_statements_covered": 0.0, "percent_statements_covered_display": "0"}, "missing_lines": [334, 336, 337, 338, 340, 342, 350, 351, 352, 354], "excluded_lines": [], "start_line": 332}, "BrainAI.critique": {"executed_lines": [], "summary": {"covered_lines": 0, "num_statements": 2, "percent_covered": 0.0, "percent_covered_display": "0", "missing_lines": 2, "excluded_lines": 0, "percent_statements_covered": 0.0, "percent_statements_covered_display": "0"}, "missing_lines": [358, 372], "excluded_lines": [], "start_line": 356}, "BrainAI.plan": {"executed_lines": [], "summary": {"covered_lines": 0, "num_statements": 2, "percent_covered": 0.0, "percent_covered_display": "0", "missing_lines": 2, "excluded_lines": 0, "percent_statements_covered": 0.0, "percent_statements_covered_display": "0"}, "missing_lines": [376, 387], "excluded_lines": [], "start_line": 374}, "BrainAI.add_skill": {"executed_lines": [], "summary": {"covered_lines": 0, "num_statements": 5, "percent_covered": 0.0, "percent_covered_display": "0", "missing_lines": 5, "excluded_lines": 0, "percent_statements_covered": 0.0, "percent_statements_covered_display": "0"}, "missing_lines": [391, 402, 403, 404, 405], "excluded_lines": [], "start_line": 389}, "BrainAI.merge": {"executed_lines": [], "summary": {"covered_lines": 0, "num_statements": 2, "percent_covered": 0.0, "percent_covered_display": "0", "missing_lines": 2, "excluded_lines": 0, "percent_statements_covered": 0.0, "percent_statements_covered_display": "0"}, "missing_lines": [409, 425], "excluded_lines": [], "start_line": 407}, "BrainAIWrapper.__init__": {"executed_lines": [432, 433], "summary": {"covered_lines": 2, "num_statements": 2, "percent_covered": 100.0, "percent_covered_display": "100", "missing_lines": 0, "excluded_lines": 0, "percent_statements_covered": 100.0, "percent_statements_covered_display": "100"}, "missing_lines": [], "excluded_lines": [], "start_line": 431}, "BrainAIWrapper.analyze_code": {"executed_lines": [], "summary": {"covered_lines": 0, "num_statements": 11, "percent_covered": 0.0, "percent_covered_display": "0", "missing_lines": 11, "excluded_lines": 0, "percent_statements_covered": 0.0, "percent_statements_covered_display": "0"}, "missing_lines": [437, 438, 446, 447, 448, 451, 452, 453, 454, 457, 459], "excluded_lines": [], "start_line": 435}, "BrainAIWrapper.critique": {"executed_lines": [], "summary": {"covered_lines": 0, "num_statements": 1, "percent_covered": 0.0, "percent_covered_display": "0", "missing_lines": 1, "excluded_lines": 0, "percent_statements_covered": 0.0, "percent_statements_covered_display": "0"}, "missing_lines": [463], "excluded_lines": [], "start_line": 461}, "BrainAIWrapper.plan": {"executed_lines": [], "summary": {"covered_lines": 0, "num_statements": 1, "percent_covered": 0.0, "percent_covered_display": "0", "missing_lines": 1, "excluded_lines": 0, "percent_statements_covered": 0.0, "percent_statements_covered_display": "0"}, "missing_lines": [467], "excluded_lines": [], "start_line": 465}, "BrainAIWrapper.save_critique": {"executed_lines": [], "summary": {"covered_lines": 0, "num_statements": 3, "percent_covered": 0.0, "percent_covered_display": "0", "missing_lines": 3, "excluded_lines": 0, "percent_statements_covered": 0.0, "percent_statements_covered_display": "0"}, "missing_lines": [471, 472, 473], "excluded_lines": [], "start_line": 469}, "BrainAIWrapper._detect_missing_tool": {"executed_lines": [], "summary": {"covered_lines": 0, "num_statements": 3, "percent_covered": 0.0, "percent_covered_display": "0", "missing_lines": 3, "excluded_lines": 0, "percent_statements_covered": 0.0, "percent_statements_covered_display": "0"}, "missing_lines": [477, 485, 486], "excluded_lines": [], "start_line": 475}, "BrainAIWrapper._extract_tool_name": {"executed_lines": [], "summary": {"covered_lines": 0, "num_statements": 5, "percent_covered": 0.0, "percent_covered_display": "0", "missing_lines": 5, "excluded_lines": 0, "percent_statements_covered": 0.0, "percent_statements_covered_display": "0"}, "missing_lines": [490, 491, 492, 493, 495], "excluded_lines": [], "start_line": 488}, "BrainAIWrapper._extract_tool_purpose": {"executed_lines": [], "summary": {"covered_lines": 0, "num_statements": 5, "percent_covered": 0.0, "percent_covered_display": "0", "missing_lines": 5, "excluded_lines": 0, "percent_statements_covered": 0.0, "percent_statements_covered_display": "0"}, "missing_lines": [499, 500, 501, 502, 504], "excluded_lines": [], "start_line": 497}, "_legacy_get_brain_critique": {"executed_lines": [], "summary": {"covered_lines": 0, "num_statements": 1, "percent_covered": 0.0, "percent_covered_display": "0", "missing_lines": 1, "excluded_lines": 0, "percent_statements_covered": 0.0, "percent_statements_covered_display": "0"}, "missing_lines": [507], "excluded_lines": [], "start_line": 506}, "": {"executed_lines": [7, 8, 9, 10, 11, 12, 15, 19, 21, 22, 23, 26, 65, 77, 80, 83, 101, 115, 129, 143, 165, 188, 207, 222, 236, 252, 268, 286, 327, 328, 332, 356, 374, 389, 407, 428, 431, 435, 461, 465, 469, 475, 488, 497, 506, 510], "summary": {"covered_lines": 46, "num_statements": 68, "percent_covered": 67.6470588235294, "percent_covered_display": "68", "missing_lines": 22, "excluded_lines": 0, "percent_statements_covered": 67.6470588235294, "percent_statements_covered_display": "68"}, "missing_lines": [511, 513, 514, 515, 517, 519, 520, 521, 523, 524, 525, 527, 528, 529, 531, 532, 533, 534, 536, 537, 538, 539], "excluded_lines": [], "start_line": 1}}, "classes": {"ModelMonitoringEfficacy": {"executed_lines": [81, 85, 97, 98, 99, 103, 104, 105, 106, 107, 109, 110, 111, 113, 117, 118, 119, 121, 123, 125, 127, 131, 132, 133, 134, 135, 137, 138, 139, 141, 145, 146, 147, 148, 150, 152, 161, 163, 167, 168, 169, 170, 171, 172, 173, 185, 186, 190, 191, 192, 193, 194, 195, 197, 198, 200, 205, 209, 210, 211, 212, 213, 220, 224, 225, 226, 227, 228, 230, 231, 232, 234, 238, 239, 240, 241, 249, 250, 254, 255, 256, 257, 265, 266, 270, 282, 283, 284, 288, 289], "summary": {"covered_lines": 90, "num_statements": 162, "percent_covered": 55.55555555555556, "percent_covered_display": "56", "missing_lines": 72, "excluded_lines": 0, "percent_statements_covered": 55.55555555555556, "percent_statements_covered_display": "56"}, "missing_lines": [108, 112, 120, 122, 124, 126, 136, 140, 149, 151, 153, 154, 155, 156, 158, 160, 162, 174, 175, 176, 177, 178, 179, 180, 181, 183, 196, 199, 201, 202, 204, 214, 215, 216, 217, 218, 219, 229, 233, 242, 243, 244, 245, 246, 247, 258, 259, 260, 261, 262, 263, 295, 296, 297, 298, 299, 300, 301, 302, 303, 304, 305, 306, 308, 309, 310, 311, 312, 313, 314, 315, 316], "excluded_lines": [], "start_line": 77}, "BrainAI": {"executed_lines": [329, 330], "summary": {"covered_lines": 2, "num_statements": 23, "percent_covered": 8.695652173913043, "percent_covered_display": "9", "missing_lines": 21, "excluded_lines": 0, "percent_statements_covered": 8.695652173913043, "percent_statements_covered_display": "9"}, "missing_lines": [334, 336, 337, 338, 340, 342, 350, 351, 352, 354, 358, 372, 376, 387, 391, 402, 403, 404, 405, 409, 425], "excluded_lines": [], "start_line": 327}, "BrainAIWrapper": {"executed_lines": [432, 433], "summary": {"covered_lines": 2, "num_statements": 31, "percent_covered": 6.451612903225806, "percent_covered_display": "6", "missing_lines": 29, "excluded_lines": 0, "percent_statements_covered": 6.451612903225806, "percent_statements_covered_display": "6"}, "missing_lines": [437, 438, 446, 447, 448, 451, 452, 453, 454, 457, 459, 463, 467, 471, 472, 473, 477, 485, 486, 490, 491, 492, 493, 495, 499, 500, 501, 502, 504], "excluded_lines": [], "start_line": 428}, "": {"executed_lines": [7, 8, 9, 10, 11, 12, 15, 19, 21, 22, 23, 26, 35, 36, 37, 39, 40, 41, 42, 43, 44, 45, 46, 47, 48, 49, 50, 52, 53, 54, 55, 56, 57, 59, 61, 62, 65, 77, 80, 83, 101, 115, 129, 143, 165, 188, 207, 222, 236, 252, 268, 286, 327, 328, 332, 356, 374, 389, 407, 428, 431, 435, 461, 465, 469, 475, 488, 497, 506, 510], "summary": {"covered_lines": 70, "num_statements": 100, "percent_covered": 70.0, "percent_covered_display": "70", "missing_lines": 30, "excluded_lines": 0, "percent_statements_covered": 70.0, "percent_statements_covered_display": "70"}, "missing_lines": [58, 60, 70, 71, 72, 73, 74, 507, 511, 513, 514, 515, 517, 519, 520, 521, 523, 524, 525, 527, 528, 529, 531, 532, 533, 534, 536, 537, 538, 539], "excluded_lines": [], "start_line": 1}}}, "brain_coordinator.py": {"executed_lines": [4, 5, 6, 7, 8, 9, 10, 11, 12, 13, 16, 24, 27, 28, 29, 30, 31, 32, 34, 35, 37, 43, 59, 103, 116, 124, 131, 144, 154, 162, 163, 164, 165, 175, 176, 177, 178, 179, 180, 181, 183, 184, 185, 186, 188, 190, 191, 192, 193, 194, 195, 197, 215, 254], "summary": {"covered_lines": 54, "num_statements": 152, "percent_covered": 35.526315789473685, "percent_covered_display": "36", "missing_lines": 98, "excluded_lines": 0, "percent_statements_covered": 35.526315789473685, "percent_statements_covered_display": "36"}, "missing_lines": [38, 39, 40, 41, 49, 50, 52, 53, 54, 55, 56, 57, 63, 66, 67, 78, 79, 81, 82, 84, 86, 98, 104, 105, 106, 107, 108, 113, 114, 117, 118, 119, 120, 121, 122, 125, 126, 127, 128, 129, 132, 133, 134, 135, 136, 137, 138, 139, 140, 141, 142, 145, 147, 148, 149, 150, 151, 152, 155, 156, 157, 158, 159, 160, 199, 200, 202, 213, 216, 217, 218, 220, 221, 222, 223, 224, 225, 226, 228, 229, 230, 231, 232, 233, 234, 235, 236, 238, 239, 242, 243, 245, 247, 248, 249, 250, 251, 255], "excluded_lines": [], "functions": {"BrainCoordinator.__init__": {"executed_lines": [29, 30, 31, 32, 34, 35], "summary": {"covered_lines": 6, "num_statements": 6, "percent_covered": 100.0, "percent_covered_display": "100", "missing_lines": 0, "excluded_lines": 0, "percent_statements_covered": 100.0, "percent_statements_covered_display": "100"}, "missing_lines": [], "excluded_lines": [], "start_line": 28}, "BrainCoordinator.get_file_hash": {"executed_lines": [], "summary": {"covered_lines": 0, "num_statements": 4, "percent_covered": 0.0, "percent_covered_display": "0", "missing_lines": 4, "excluded_lines": 0, "percent_statements_covered": 0.0, "percent_statements_covered_display": "0"}, "missing_lines": [38, 39, 40, 41], "excluded_lines": [], "start_line": 37}, "BrainCoordinator.validate_fix_proposal": {"executed_lines": [], "summary": {"covered_lines": 0, "num_statements": 8, "percent_covered": 0.0, "percent_covered_display": "0", "missing_lines": 8, "excluded_lines": 0, "percent_statements_covered": 0.0, "percent_statements_covered_display": "0"}, "missing_lines": [49, 50, 52, 53, 54, 55, 56, 57], "excluded_lines": [], "start_line": 43}, "BrainCoordinator.get_fix_with_validation": {"executed_lines": [], "summary": {"covered_lines": 0, "num_statements": 10, "percent_covered": 0.0, "percent_covered_display": "0", "missing_lines": 10, "excluded_lines": 0, "percent_statements_covered": 0.0, "percent_statements_covered_display": "0"}, "missing_lines": [63, 66, 67, 78, 79, 81, 82, 84, 86, 98], "excluded_lines": [], "start_line": 59}, "BrainCoordinator.update_file_map": {"executed_lines": [], "summary": {"covered_lines": 0, "num_statements": 7, "percent_covered": 0.0, "percent_covered_display": "0", "missing_lines": 7, "excluded_lines": 0, "percent_statements_covered": 0.0, "percent_statements_covered_display": "0"}, "missing_lines": [104, 105, 106, 107, 108, 113, 114], "excluded_lines": [], "start_line": 103}, "BrainCoordinator.find_recent_changes": {"executed_lines": [], "summary": {"covered_lines": 0, "num_statements": 6, "percent_covered": 0.0, "percent_covered_display": "0", "missing_lines": 6, "excluded_lines": 0, "percent_statements_covered": 0.0, "percent_statements_covered_display": "0"}, "missing_lines": [117, 118, 119, 120, 121, 122], "excluded_lines": [], "start_line": 116}, "BrainCoordinator.find_orphaned_patterns": {"executed_lines": [], "summary": {"covered_lines": 0, "num_statements": 5, "percent_covered": 0.0, "percent_covered_display": "0", "missing_lines": 5, "excluded_lines": 0, "percent_statements_covered": 0.0, "percent_statements_covered_display": "0"}, "missing_lines": [125, 126, 127, 128, 129], "excluded_lines": [], "start_line": 124}, "BrainCoordinator.find_tasks": {"executed_lines": [], "summary": {"covered_lines": 0, "num_statements": 11, "percent_covered": 0.0, "percent_covered_display": "0", "missing_lines": 11, "excluded_lines": 0, "percent_statements_covered": 0.0, "percent_statements_covered_display": "0"}, "missing_lines": [132, 133, 134, 135, 136, 137, 138, 139, 140, 141, 142], "excluded_lines": [], "start_line": 131}, "BrainCoordinator.run_m1_task": {"executed_lines": [], "summary": {"covered_lines": 0, "num_statements": 7, "percent_covered": 0.0, "percent_covered_display": "0", "missing_lines": 7, "excluded_lines": 0, "percent_statements_covered": 0.0, "percent_statements_covered_display": "0"}, "missing_lines": [145, 147, 148, 149, 150, 151, 152], "excluded_lines": [], "start_line": 144}, "BrainCoordinator.run_m3_critique": {"executed_lines": [], "summary": {"covered_lines": 0, "num_statements": 6, "percent_covered": 0.0, "percent_covered_display": "0", "missing_lines": 6, "excluded_lines": 0, "percent_statements_covered": 0.0, "percent_statements_covered_display": "0"}, "missing_lines": [155, 156, 157, 158, 159, 160], "excluded_lines": [], "start_line": 154}, "BrainCoordinator.save_critique": {"executed_lines": [163, 164, 165, 175, 176, 177, 178, 179, 180, 181, 183, 184, 185, 186, 188], "summary": {"covered_lines": 15, "num_statements": 15, "percent_covered": 100.0, "percent_covered_display": "100", "missing_lines": 0, "excluded_lines": 0, "percent_statements_covered": 100.0, "percent_statements_covered_display": "100"}, "missing_lines": [], "excluded_lines": [], "start_line": 162}, "BrainCoordinator.extract_improvements": {"executed_lines": [191, 192, 193, 194, 195], "summary": {"covered_lines": 5, "num_statements": 5, "percent_covered": 100.0, "percent_covered_display": "100", "missing_lines": 0, "excluded_lines": 0, "percent_statements_covered": 100.0, "percent_statements_covered_display": "100"}, "missing_lines": [], "excluded_lines": [], "start_line": 190}, "BrainCoordinator.save_decision_log": {"executed_lines": [], "summary": {"covered_lines": 0, "num_statements": 4, "percent_covered": 0.0, "percent_covered_display": "0", "missing_lines": 4, "excluded_lines": 0, "percent_statements_covered": 0.0, "percent_statements_covered_display": "0"}, "missing_lines": [199, 200, 202, 213], "excluded_lines": [], "start_line": 197}, "BrainCoordinator.run_critique_loop": {"executed_lines": [], "summary": {"covered_lines": 0, "num_statements": 29, "percent_covered": 0.0, "percent_covered_display": "0", "missing_lines": 29, "excluded_lines": 0, "percent_statements_covered": 0.0, "percent_statements_covered_display": "0"}, "missing_lines": [216, 217, 218, 220, 221, 222, 223, 224, 225, 226, 228, 229, 230, 231, 232, 233, 234, 235, 236, 238, 239, 242, 243, 245, 247, 248, 249, 250, 251], "excluded_lines": [], "start_line": 215}, "": {"executed_lines": [4, 5, 6, 7, 8, 9, 10, 11, 12, 13, 16, 24, 27, 28, 37, 43, 59, 103, 116, 124, 131, 144, 154, 162, 190, 197, 215, 254], "summary": {"covered_lines": 28, "num_statements": 29, "percent_covered": 96.55172413793103, "percent_covered_display": "97", "missing_lines": 1, "excluded_lines": 0, "percent_statements_covered": 96.55172413793103, "percent_statements_covered_display": "97"}, "missing_lines": [255], "excluded_lines": [], "start_line": 1}}, "classes": {"BrainCoordinator": {"executed_lines": [29, 30, 31, 32, 34, 35, 163, 164, 165, 175, 176, 177, 178, 179, 180, 181, 183, 184, 185, 186, 188, 191, 192, 193, 194, 195], "summary": {"covered_lines": 26, "num_statements": 123, "percent_covered": 21.13821138211382, "percent_covered_display": "21", "missing_lines": 97, "excluded_lines": 0, "percent_statements_covered": 21.13821138211382, "percent_statements_covered_display": "21"}, "missing_lines": [38, 39, 40, 41, 49, 50, 52, 53, 54, 55, 56, 57, 63, 66, 67, 78, 79, 81, 82, 84, 86, 98, 104, 105, 106, 107, 108, 113, 114, 117, 118, 119, 120, 121, 122, 125, 126, 127, 128, 129, 132, 133, 134, 135, 136, 137, 138, 139, 140, 141, 142, 145, 147, 148, 149, 150, 151, 152, 155, 156, 157, 158, 159, 160, 199, 200, 202, 213, 216, 217, 218, 220, 221, 222, 223, 224, 225, 226, 228, 229, 230, 231, 232, 233, 234, 235, 236, 238, 239, 242, 243, 245, 247, 248, 249, 250, 251], "excluded_lines": [], "start_line": 27}, "": {"executed_lines": [4, 5, 6, 7, 8, 9, 10, 11, 12, 13, 16, 24, 27, 28, 37, 43, 59, 103, 116, 124, 131, 144, 154, 162, 190, 197, 215, 254], "summary": {"covered_lines": 28, "num_statements": 29, "percent_covered": 96.55172413793103, "percent_covered_display": "97", "missing_lines": 1, "excluded_lines": 0, "percent_statements_covered": 96.55172413793103, "percent_statements_covered_display": "97"}, "missing_lines": [255], "excluded_lines": [], "start_line": 1}}}, "brain_modes/brain_mode_manager.py": {"executed_lines": [2, 3, 4, 5, 6, 8, 9, 11, 12, 14, 15, 16, 18, 23, 30, 38, 42, 49, 52, 64, 73, 91, 122], "summary": {"covered_lines": 23, "num_statements": 96, "percent_covered": 23.958333333333332, "percent_covered_display": "24", "missing_lines": 73, "excluded_lines": 0, "percent_statements_covered": 23.958333333333332, "percent_statements_covered_display": "24"}, "missing_lines": [24, 25, 26, 27, 28, 31, 32, 33, 34, 35, 36, 39, 40, 43, 44, 45, 46, 47, 50, 53, 54, 55, 56, 57, 59, 60, 62, 65, 66, 67, 68, 69, 70, 71, 74, 75, 76, 80, 81, 82, 83, 84, 88, 89, 93, 94, 95, 96, 98, 100, 101, 102, 104, 105, 106, 109, 110, 111, 112, 113, 115, 116, 117, 118, 119, 120, 123, 124, 125, 126, 127, 128, 129], "excluded_lines": [], "functions": {"record_activity": {"executed_lines": [], "summary": {"covered_lines": 0, "num_statements": 5, "percent_covered": 0.0, "percent_covered_display": "0", "missing_lines": 5, "excluded_lines": 0, "percent_statements_covered": 0.0, "percent_statements_covered_display": "0"}, "missing_lines": [24, 25, 26, 27, 28], "excluded_lines": [], "start_line": 23}, "idle_time": {"executed_lines": [], "summary": {"covered_lines": 0, "num_statements": 6, "percent_covered": 0.0, "percent_covered_display": "0", "missing_lines": 6, "excluded_lines": 0, "percent_statements_covered": 0.0, "percent_statements_covered_display": "0"}, "missing_lines": [31, 32, 33, 34, 35, 36], "excluded_lines": [], "start_line": 30}, "set_mode": {"executed_lines": [], "summary": {"covered_lines": 0, "num_statements": 2, "percent_covered": 0.0, "percent_covered_display": "0", "missing_lines": 2, "excluded_lines": 0, "percent_statements_covered": 0.0, "percent_statements_covered_display": "0"}, "missing_lines": [39, 40], "excluded_lines": [], "start_line": 38}, "get_mode": {"executed_lines": [], "summary": {"covered_lines": 0, "num_statements": 5, "percent_covered": 0.0, "percent_covered_display": "0", "missing_lines": 5, "excluded_lines": 0, "percent_statements_covered": 0.0, "percent_statements_covered_display": "0"}, "missing_lines": [43, 44, 45, 46, 47], "excluded_lines": [], "start_line": 42}, "is_map_ready": {"executed_lines": [], "summary": {"covered_lines": 0, "num_statements": 1, "percent_covered": 0.0, "percent_covered_display": "0", "missing_lines": 1, "excluded_lines": 0, "percent_statements_covered": 0.0, "percent_statements_covered_display": "0"}, "missing_lines": [50], "excluded_lines": [], "start_line": 49}, "decide_mode": {"executed_lines": [], "summary": {"covered_lines": 0, "num_statements": 8, "percent_covered": 0.0, "percent_covered_display": "0", "missing_lines": 8, "excluded_lines": 0, "percent_statements_covered": 0.0, "percent_statements_covered_display": "0"}, "missing_lines": [53, 54, 55, 56, 57, 59, 60, 62], "excluded_lines": [], "start_line": 52}, "stop_worker": {"executed_lines": [], "summary": {"covered_lines": 0, "num_statements": 7, "percent_covered": 0.0, "percent_covered_display": "0", "missing_lines": 7, "excluded_lines": 0, "percent_statements_covered": 0.0, "percent_statements_covered_display": "0"}, "missing_lines": [65, 66, 67, 68, 69, 70, 71], "excluded_lines": [], "start_line": 64}, "run_mode_worker": {"executed_lines": [], "summary": {"covered_lines": 0, "num_statements": 10, "percent_covered": 0.0, "percent_covered_display": "0", "missing_lines": 10, "excluded_lines": 0, "percent_statements_covered": 0.0, "percent_statements_covered_display": "0"}, "missing_lines": [74, 75, 76, 80, 81, 82, 83, 84, 88, 89], "excluded_lines": [], "start_line": 73}, "main": {"executed_lines": [], "summary": {"covered_lines": 0, "num_statements": 22, "percent_covered": 0.0, "percent_covered_display": "0", "missing_lines": 22, "excluded_lines": 0, "percent_statements_covered": 0.0, "percent_statements_covered_display": "0"}, "missing_lines": [93, 94, 95, 96, 98, 100, 101, 102, 104, 105, 106, 109, 110, 111, 112, 113, 115, 116, 117, 118, 119, 120], "excluded_lines": [], "start_line": 91}, "": {"executed_lines": [2, 3, 4, 5, 6, 8, 9, 11, 12, 14, 15, 16, 18, 23, 30, 38, 42, 49, 52, 64, 73, 91, 122], "summary": {"covered_lines": 23, "num_statements": 30, "percent_covered": 76.66666666666667, "percent_covered_display": "77", "missing_lines": 7, "excluded_lines": 0, "percent_statements_covered": 76.66666666666667, "percent_statements_covered_display": "77"}, "missing_lines": [123, 124, 125, 126, 127, 128, 129], "excluded_lines": [], "start_line": 1}}, "classes": {"": {"executed_lines": [2, 3, 4, 5, 6, 8, 9, 11, 12, 14, 15, 16, 18, 23, 30, 38, 42, 49, 52, 64, 73, 91, 122], "summary": {"covered_lines": 23, "num_statements": 96, "percent_covered": 23.958333333333332, "percent_covered_display": "24", "missing_lines": 73, "excluded_lines": 0, "percent_statements_covered": 23.958333333333332, "percent_statements_covered_display": "24"}, "missing_lines": [24, 25, 26, 27, 28, 31, 32, 33, 34, 35, 36, 39, 40, 43, 44, 45, 46, 47, 50, 53, 54, 55, 56, 57, 59, 60, 62, 65, 66, 67, 68, 69, 70, 71, 74, 75, 76, 80, 81, 82, 83, 84, 88, 89, 93, 94, 95, 96, 98, 100, 101, 102, 104, 105, 106, 109, 110, 111, 112, 113, 115, 116, 117, 118, 119, 120, 123, 124, 125, 126, 127, 128, 129], "excluded_lines": [], "start_line": 1}}}, "code_puppy_tool.py": {"executed_lines": [7, 8, 9, 10, 11, 14, 17, 20, 22, 24, 27, 28, 30, 56, 59, 60, 61, 63, 64, 65, 68, 70, 72, 73, 74, 75, 79, 81, 91, 118, 152, 154, 156, 157, 158, 159, 161, 164, 258, 259, 260, 262], "summary": {"covered_lines": 42, "num_statements": 138, "percent_covered": 30.434782608695652, "percent_covered_display": "30", "missing_lines": 96, "excluded_lines": 0, "percent_statements_covered": 30.434782608695652, "percent_statements_covered_display": "30"}, "missing_lines": [32, 34, 40, 41, 48, 49, 50, 51, 54, 76, 77, 82, 83, 84, 103, 104, 106, 107, 109, 110, 111, 112, 113, 114, 116, 131, 134, 137, 140, 150, 165, 166, 167, 168, 169, 170, 171, 172, 173, 174, 175, 176, 178, 180, 181, 182, 184, 185, 187, 188, 189, 191, 192, 193, 194, 195, 196, 197, 198, 199, 200, 201, 204, 205, 208, 209, 210, 211, 212, 214, 215, 217, 220, 222, 224, 226, 227, 230, 231, 233, 236, 237, 238, 239, 240, 241, 242, 246, 247, 249, 250, 251, 252, 253, 254, 263], "excluded_lines": [], "functions": {"BrainAICritique.__init__": {"executed_lines": [28], "summary": {"covered_lines": 1, "num_statements": 1, "percent_covered": 100.0, "percent_covered_display": "100", "missing_lines": 0, "excluded_lines": 0, "percent_statements_covered": 100.0, "percent_statements_covered_display": "100"}, "missing_lines": [], "excluded_lines": [], "start_line": 27}, "BrainAICritique.process": {"executed_lines": [], "summary": {"covered_lines": 0, "num_statements": 9, "percent_covered": 0.0, "percent_covered_display": "0", "missing_lines": 9, "excluded_lines": 0, "percent_statements_covered": 0.0, "percent_statements_covered_display": "0"}, "missing_lines": [32, 34, 40, 41, 48, 49, 50, 51, 54], "excluded_lines": [], "start_line": 30}, "CodePuppyTool.__init__": {"executed_lines": [60, 61, 63, 64, 65, 68], "summary": {"covered_lines": 6, "num_statements": 6, "percent_covered": 100.0, "percent_covered_display": "100", "missing_lines": 0, "excluded_lines": 0, "percent_statements_covered": 100.0, "percent_statements_covered_display": "100"}, "missing_lines": [], "excluded_lines": [], "start_line": 59}, "CodePuppyTool._find_project_root": {"executed_lines": [72, 73, 74, 75], "summary": {"covered_lines": 4, "num_statements": 6, "percent_covered": 66.66666666666667, "percent_covered_display": "67", "missing_lines": 2, "excluded_lines": 0, "percent_statements_covered": 66.66666666666667, "percent_statements_covered_display": "67"}, "missing_lines": [76, 77], "excluded_lines": [], "start_line": 70}, "CodePuppyTool._ensure_index": {"executed_lines": [81], "summary": {"covered_lines": 1, "num_statements": 4, "percent_covered": 25.0, "percent_covered_display": "25", "missing_lines": 3, "excluded_lines": 0, "percent_statements_covered": 25.0, "percent_statements_covered_display": "25"}, "missing_lines": [82, 83, 84], "excluded_lines": [], "start_line": 79}, "CodePuppyTool.search": {"executed_lines": [], "summary": {"covered_lines": 0, "num_statements": 11, "percent_covered": 0.0, "percent_covered_display": "0", "missing_lines": 11, "excluded_lines": 0, "percent_statements_covered": 0.0, "percent_statements_covered_display": "0"}, "missing_lines": [103, 104, 106, 107, 109, 110, 111, 112, 113, 114, 116], "excluded_lines": [], "start_line": 91}, "CodePuppyTool.search_with_brain_council": {"executed_lines": [], "summary": {"covered_lines": 0, "num_statements": 5, "percent_covered": 0.0, "percent_covered_display": "0", "missing_lines": 5, "excluded_lines": 0, "percent_statements_covered": 0.0, "percent_statements_covered_display": "0"}, "missing_lines": [131, 134, 137, 140, 150], "excluded_lines": [], "start_line": 118}, "main": {"executed_lines": [154, 156, 157, 158, 159, 161, 164, 258, 259, 260], "summary": {"covered_lines": 10, "num_statements": 75, "percent_covered": 13.333333333333334, "percent_covered_display": "13", "missing_lines": 65, "excluded_lines": 0, "percent_statements_covered": 13.333333333333334, "percent_statements_covered_display": "13"}, "missing_lines": [165, 166, 167, 168, 169, 170, 171, 172, 173, 174, 175, 176, 178, 180, 181, 182, 184, 185, 187, 188, 189, 191, 192, 193, 194, 195, 196, 197, 198, 199, 200, 201, 204, 205, 208, 209, 210, 211, 212, 214, 215, 217, 220, 222, 224, 226, 227, 230, 231, 233, 236, 237, 238, 239, 240, 241, 242, 246, 247, 249, 250, 251, 252, 253, 254], "excluded_lines": [], "start_line": 152}, "": {"executed_lines": [7, 8, 9, 10, 11, 14, 17, 20, 22, 24, 27, 30, 56, 59, 70, 79, 91, 118, 152, 262], "summary": {"covered_lines": 20, "num_statements": 21, "percent_covered": 95.23809523809524, "percent_covered_display": "95", "missing_lines": 1, "excluded_lines": 0, "percent_statements_covered": 95.23809523809524, "percent_statements_covered_display": "95"}, "missing_lines": [263], "excluded_lines": [], "start_line": 1}}, "classes": {"BrainAICritique": {"executed_lines": [28], "summary": {"covered_lines": 1, "num_statements": 10, "percent_covered": 10.0, "percent_covered_display": "10", "missing_lines": 9, "excluded_lines": 0, "percent_statements_covered": 10.0, "percent_statements_covered_display": "10"}, "missing_lines": [32, 34, 40, 41, 48, 49, 50, 51, 54], "excluded_lines": [], "start_line": 24}, "CodePuppyTool": {"executed_lines": [60, 61, 63, 64, 65, 68, 72, 73, 74, 75, 81], "summary": {"covered_lines": 11, "num_statements": 32, "percent_covered": 34.375, "percent_covered_display": "34", "missing_lines": 21, "excluded_lines": 0, "percent_statements_covered": 34.375, "percent_statements_covered_display": "34"}, "missing_lines": [76, 77, 82, 83, 84, 103, 104, 106, 107, 109, 110, 111, 112, 113, 114, 116, 131, 134, 137, 140, 150], "excluded_lines": [], "start_line": 56}, "": {"executed_lines": [7, 8, 9, 10, 11, 14, 17, 20, 22, 24, 27, 30, 56, 59, 70, 79, 91, 118, 152, 154, 156, 157, 158, 159, 161, 164, 258, 259, 260, 262], "summary": {"covered_lines": 30, "num_statements": 96, "percent_covered": 31.25, "percent_covered_display": "31", "missing_lines": 66, "excluded_lines": 0, "percent_statements_covered": 31.25, "percent_statements_covered_display": "31"}, "missing_lines": [165, 166, 167, 168, 169, 170, 171, 172, 173, 174, 175, 176, 178, 180, 181, 182, 184, 185, 187, 188, 189, 191, 192, 193, 194, 195, 196, 197, 198, 199, 200, 201, 204, 205, 208, 209, 210, 211, 212, 214, 215, 217, 220, 222, 224, 226, 227, 230, 231, 233, 236, 237, 238, 239, 240, 241, 242, 246, 247, 249, 250, 251, 252, 253, 254, 263], "excluded_lines": [], "start_line": 1}}}, "code_puppy_with_index.py": {"executed_lines": [], "summary": {"covered_lines": 0, "num_statements": 90, "percent_covered": 0.0, "percent_covered_display": "0", "missing_lines": 90, "excluded_lines": 0, "percent_statements_covered": 0.0, "percent_statements_covered_display": "0"}, "missing_lines": [3, 4, 5, 6, 7, 9, 11, 12, 14, 15, 22, 23, 24, 26, 27, 33, 34, 41, 42, 43, 44, 46, 48, 49, 50, 51, 52, 53, 54, 55, 56, 57, 59, 61, 62, 64, 65, 66, 67, 68, 69, 70, 71, 73, 74, 76, 78, 79, 81, 82, 83, 84, 87, 88, 89, 90, 91, 92, 93, 94, 95, 97, 98, 100, 101, 102, 103, 105, 107, 108, 109, 110, 112, 113, 114, 116, 117, 118, 119, 120, 121, 122, 123, 125, 126, 127, 128, 130, 131, 133], "excluded_lines": [], "functions": {"BrainAICritique.process": {"executed_lines": [], "summary": {"covered_lines": 0, "num_statements": 12, "percent_covered": 0.0, "percent_covered_display": "0", "missing_lines": 12, "excluded_lines": 0, "percent_statements_covered": 0.0, "percent_statements_covered_display": "0"}, "missing_lines": [22, 23, 24, 26, 27, 33, 34, 41, 42, 43, 44, 46], "excluded_lines": [], "start_line": 15}, "enrich_prompt": {"executed_lines": [], "summary": {"covered_lines": 0, "num_statements": 9, "percent_covered": 0.0, "percent_covered_display": "0", "missing_lines": 9, "excluded_lines": 0, "percent_statements_covered": 0.0, "percent_statements_covered_display": "0"}, "missing_lines": [49, 50, 51, 52, 53, 54, 55, 56, 57], "excluded_lines": [], "start_line": 48}, "call_cs": {"executed_lines": [], "summary": {"covered_lines": 0, "num_statements": 34, "percent_covered": 0.0, "percent_covered_display": "0", "missing_lines": 34, "excluded_lines": 0, "percent_statements_covered": 0.0, "percent_statements_covered_display": "0"}, "missing_lines": [61, 62, 64, 65, 66, 67, 68, 69, 70, 71, 73, 74, 76, 78, 79, 81, 82, 83, 84, 87, 88, 89, 90, 91, 92, 93, 94, 95, 97, 98, 100, 101, 102, 103], "excluded_lines": [], "start_line": 59}, "": {"executed_lines": [], "summary": {"covered_lines": 0, "num_statements": 35, "percent_covered": 0.0, "percent_covered_display": "0", "missing_lines": 35, "excluded_lines": 0, "percent_statements_covered": 0.0, "percent_statements_covered_display": "0"}, "missing_lines": [3, 4, 5, 6, 7, 9, 11, 12, 14, 15, 48, 59, 105, 107, 108, 109, 110, 112, 113, 114, 116, 117, 118, 119, 120, 121, 122, 123, 125, 126, 127, 128, 130, 131, 133], "excluded_lines": [], "start_line": 1}}, "classes": {"BrainAICritique": {"executed_lines": [], "summary": {"covered_lines": 0, "num_statements": 12, "percent_covered": 0.0, "percent_covered_display": "0", "missing_lines": 12, "excluded_lines": 0, "percent_statements_covered": 0.0, "percent_statements_covered_display": "0"}, "missing_lines": [22, 23, 24, 26, 27, 33, 34, 41, 42, 43, 44, 46], "excluded_lines": [], "start_line": 14}, "": {"executed_lines": [], "summary": {"covered_lines": 0, "num_statements": 78, "percent_covered": 0.0, "percent_covered_display": "0", "missing_lines": 78, "excluded_lines": 0, "percent_statements_covered": 0.0, "percent_statements_covered_display": "0"}, "missing_lines": [3, 4, 5, 6, 7, 9, 11, 12, 14, 15, 48, 49, 50, 51, 52, 53, 54, 55, 56, 57, 59, 61, 62, 64, 65, 66, 67, 68, 69, 70, 71, 73, 74, 76, 78, 79, 81, 82, 83, 84, 87, 88, 89, 90, 91, 92, 93, 94, 95, 97, 98, 100, 101, 102, 103, 105, 107, 108, 109, 110, 112, 113, 114, 116, 117, 118, 119, 120, 121, 122, 123, 125, 126, 127, 128, 130, 131, 133], "excluded_lines": [], "start_line": 1}}}, "coverage_report_viewer.py": {"executed_lines": [], "summary": {"covered_lines": 0, "num_statements": 48, "percent_covered": 0.0, "percent_covered_display": "0", "missing_lines": 48, "excluded_lines": 0, "percent_statements_covered": 0.0, "percent_statements_covered_display": "0"}, "missing_lines": [8, 9, 10, 11, 14, 16, 19, 28, 30, 31, 33, 35, 36, 37, 39, 40, 41, 42, 43, 44, 46, 47, 48, 49, 50, 52, 54, 56, 57, 58, 64, 66, 67, 69, 76, 78, 79, 80, 81, 83, 84, 85, 86, 87, 88, 89, 92, 93], "excluded_lines": [], "functions": {"CoverageReportViewer.__init__": {"executed_lines": [], "summary": {"covered_lines": 0, "num_statements": 2, "percent_covered": 0.0, "percent_covered_display": "0", "missing_lines": 2, "excluded_lines": 0, "percent_statements_covered": 0.0, "percent_statements_covered_display": "0"}, "missing_lines": [30, 31], "excluded_lines": [], "start_line": 28}, "CoverageReportViewer.load_report": {"executed_lines": [], "summary": {"covered_lines": 0, "num_statements": 15, "percent_covered": 0.0, "percent_covered_display": "0", "missing_lines": 15, "excluded_lines": 0, "percent_statements_covered": 0.0, "percent_statements_covered_display": "0"}, "missing_lines": [35, 36, 37, 39, 40, 41, 42, 43, 44, 46, 47, 48, 49, 50, 52], "excluded_lines": [], "start_line": 33}, "CoverageReportViewer._parse_html": {"executed_lines": [], "summary": {"covered_lines": 0, "num_statements": 3, "percent_covered": 0.0, "percent_covered_display": "0", "missing_lines": 3, "excluded_lines": 0, "percent_statements_covered": 0.0, "percent_statements_covered_display": "0"}, "missing_lines": [56, 57, 58], "excluded_lines": [], "start_line": 54}, "CoverageReportViewer.summary": {"executed_lines": [], "summary": {"covered_lines": 0, "num_statements": 3, "percent_covered": 0.0, "percent_covered_display": "0", "missing_lines": 3, "excluded_lines": 0, "percent_statements_covered": 0.0, "percent_statements_covered_display": "0"}, "missing_lines": [66, 67, 69], "excluded_lines": [], "start_line": 64}, "main": {"executed_lines": [], "summary": {"covered_lines": 0, "num_statements": 11, "percent_covered": 0.0, "percent_covered_display": "0", "missing_lines": 11, "excluded_lines": 0, "percent_statements_covered": 0.0, "percent_statements_covered_display": "0"}, "missing_lines": [78, 79, 80, 81, 83, 84, 85, 86, 87, 88, 89], "excluded_lines": [], "start_line": 76}, "": {"executed_lines": [], "summary": {"covered_lines": 0, "num_statements": 14, "percent_covered": 0.0, "percent_covered_display": "0", "missing_lines": 14, "excluded_lines": 0, "percent_statements_covered": 0.0, "percent_statements_covered_display": "0"}, "missing_lines": [8, 9, 10, 11, 14, 16, 19, 28, 33, 54, 64, 76, 92, 93], "excluded_lines": [], "start_line": 1}}, "classes": {"CoverageReportError": {"executed_lines": [], "summary": {"covered_lines": 0, "num_statements": 0, "percent_covered": 100.0, "percent_covered_display": "100", "missing_lines": 0, "excluded_lines": 0, "percent_statements_covered": 100.0, "percent_statements_covered_display": "100"}, "missing_lines": [], "excluded_lines": [], "start_line": 14}, "CoverageReportViewer": {"executed_lines": [], "summary": {"covered_lines": 0, "num_statements": 23, "percent_covered": 0.0, "percent_covered_display": "0", "missing_lines": 23, "excluded_lines": 0, "percent_statements_covered": 0.0, "percent_statements_covered_display": "0"}, "missing_lines": [30, 31, 35, 36, 37, 39, 40, 41, 42, 43, 44, 46, 47, 48, 49, 50, 52, 56, 57, 58, 66, 67, 69], "excluded_lines": [], "start_line": 19}, "": {"executed_lines": [], "summary": {"covered_lines": 0, "num_statements": 25, "percent_covered": 0.0, "percent_covered_display": "0", "missing_lines": 25, "excluded_lines": 0, "percent_statements_covered": 0.0, "percent_statements_covered_display": "0"}, "missing_lines": [8, 9, 10, 11, 14, 16, 19, 28, 33, 54, 64, 76, 78, 79, 80, 81, 83, 84, 85, 86, 87, 88, 89, 92, 93], "excluded_lines": [], "start_line": 1}}}, "cp_tool.py": {"executed_lines": [], "summary": {"covered_lines": 0, "num_statements": 10, "percent_covered": 0.0, "percent_covered_display": "0", "missing_lines": 10, "excluded_lines": 0, "percent_statements_covered": 0.0, "percent_statements_covered_display": "0"}, "missing_lines": [2, 4, 8, 10, 11, 14, 15, 16, 17, 19], "excluded_lines": [], "functions": {"cp": {"executed_lines": [], "summary": {"covered_lines": 0, "num_statements": 8, "percent_covered": 0.0, "percent_covered_display": "0", "missing_lines": 8, "excluded_lines": 0, "percent_statements_covered": 0.0, "percent_statements_covered_display": "0"}, "missing_lines": [8, 10, 11, 14, 15, 16, 17, 19], "excluded_lines": [], "start_line": 4}, "": {"executed_lines": [], "summary": {"covered_lines": 0, "num_statements": 2, "percent_covered": 0.0, "percent_covered_display": "0", "missing_lines": 2, "excluded_lines": 0, "percent_statements_covered": 0.0, "percent_statements_covered_display": "0"}, "missing_lines": [2, 4], "excluded_lines": [], "start_line": 1}}, "classes": {"": {"executed_lines": [], "summary": {"covered_lines": 0, "num_statements": 10, "percent_covered": 0.0, "percent_covered_display": "0", "missing_lines": 10, "excluded_lines": 0, "percent_statements_covered": 0.0, "percent_statements_covered_display": "0"}, "missing_lines": [2, 4, 8, 10, 11, 14, 15, 16, 17, 19], "excluded_lines": [], "start_line": 1}}}, "generate_dashboard.py": {"executed_lines": [], "summary": {"covered_lines": 0, "num_statements": 45, "percent_covered": 0.0, "percent_covered_display": "0", "missing_lines": 45, "excluded_lines": 0, "percent_statements_covered": 0.0, "percent_statements_covered_display": "0"}, "missing_lines": [7, 8, 9, 10, 11, 16, 19, 21, 22, 23, 24, 27, 28, 29, 30, 32, 33, 36, 37, 38, 40, 42, 44, 46, 55, 57, 60, 61, 62, 63, 65, 66, 67, 68, 69, 70, 71, 72, 83, 88, 195, 198, 201, 202, 203], "excluded_lines": [], "functions": {"parse_timestamp": {"executed_lines": [], "summary": {"covered_lines": 0, "num_statements": 4, "percent_covered": 0.0, "percent_covered_display": "0", "missing_lines": 4, "excluded_lines": 0, "percent_statements_covered": 0.0, "percent_statements_covered_display": "0"}, "missing_lines": [21, 22, 23, 24], "excluded_lines": [], "start_line": 19}, "": {"executed_lines": [], "summary": {"covered_lines": 0, "num_statements": 41, "percent_covered": 0.0, "percent_covered_display": "0", "missing_lines": 41, "excluded_lines": 0, "percent_statements_covered": 0.0, "percent_statements_covered_display": "0"}, "missing_lines": [7, 8, 9, 10, 11, 16, 19, 27, 28, 29, 30, 32, 33, 36, 37, 38, 40, 42, 44, 46, 55, 57, 60, 61, 62, 63, 65, 66, 67, 68, 69, 70, 71, 72, 83, 88, 195, 198, 201, 202, 203], "excluded_lines": [], "start_line": 1}}, "classes": {"": {"executed_lines": [], "summary": {"covered_lines": 0, "num_statements": 45, "percent_covered": 0.0, "percent_covered_display": "0", "missing_lines": 45, "excluded_lines": 0, "percent_statements_covered": 0.0, "percent_statements_covered_display": "0"}, "missing_lines": [7, 8, 9, 10, 11, 16, 19, 21, 22, 23, 24, 27, 28, 29, 30, 32, 33, 36, 37, 38, 40, 42, 44, 46, 55, 57, 60, 61, 62, 63, 65, 66, 67, 68, 69, 70, 71, 72, 83, 88, 195, 198, 201, 202, 203], "excluded_lines": [], "start_line": 1}}}, "index_cli.py": {"executed_lines": [], "summary": {"covered_lines": 0, "num_statements": 116, "percent_covered": 0.0, "percent_covered_display": "0", "missing_lines": 116, "excluded_lines": 0, "percent_statements_covered": 0.0, "percent_statements_covered_display": "0"}, "missing_lines": [2, 4, 5, 6, 7, 8, 10, 11, 14, 17, 20, 22, 24, 25, 26, 27, 28, 30, 35, 36, 37, 38, 40, 41, 43, 44, 47, 55, 56, 57, 58, 59, 60, 66, 68, 70, 72, 73, 75, 76, 77, 78, 79, 80, 82, 84, 86, 87, 88, 90, 92, 93, 95, 96, 97, 98, 100, 103, 104, 105, 108, 109, 110, 111, 113, 114, 115, 118, 120, 121, 123, 129, 131, 133, 134, 136, 138, 139, 142, 144, 145, 147, 149, 150, 152, 159, 160, 162, 164, 165, 166, 167, 168, 169, 170, 171, 173, 176, 177, 179, 180, 181, 182, 183, 185, 186, 187, 188, 189, 190, 191, 192, 193, 194, 197, 198], "excluded_lines": [], "functions": {"get_embeddings": {"executed_lines": [], "summary": {"covered_lines": 0, "num_statements": 5, "percent_covered": 0.0, "percent_covered_display": "0", "missing_lines": 5, "excluded_lines": 0, "percent_statements_covered": 0.0, "percent_statements_covered_display": "0"}, "missing_lines": [24, 25, 26, 27, 28], "excluded_lines": [], "start_line": 22}, "chunk_code_file": {"executed_lines": [], "summary": {"covered_lines": 0, "num_statements": 17, "percent_covered": 0.0, "percent_covered_display": "0", "missing_lines": 17, "excluded_lines": 0, "percent_statements_covered": 0.0, "percent_statements_covered_display": "0"}, "missing_lines": [35, 36, 37, 38, 40, 41, 43, 44, 47, 55, 56, 57, 58, 59, 60, 66, 68], "excluded_lines": [], "start_line": 30}, "scan_repo": {"executed_lines": [], "summary": {"covered_lines": 0, "num_statements": 9, "percent_covered": 0.0, "percent_covered_display": "0", "missing_lines": 9, "excluded_lines": 0, "percent_statements_covered": 0.0, "percent_statements_covered_display": "0"}, "missing_lines": [72, 73, 75, 76, 77, 78, 79, 80, 82], "excluded_lines": [], "start_line": 70}, "build_index": {"executed_lines": [], "summary": {"covered_lines": 0, "num_statements": 26, "percent_covered": 0.0, "percent_covered_display": "0", "missing_lines": 26, "excluded_lines": 0, "percent_statements_covered": 0.0, "percent_statements_covered_display": "0"}, "missing_lines": [86, 87, 88, 90, 92, 93, 95, 96, 97, 98, 100, 103, 104, 105, 108, 109, 110, 111, 113, 114, 115, 118, 120, 121, 123, 129], "excluded_lines": [], "start_line": 84}, "search_codebase": {"executed_lines": [], "summary": {"covered_lines": 0, "num_statements": 15, "percent_covered": 0.0, "percent_covered_display": "0", "missing_lines": 15, "excluded_lines": 0, "percent_statements_covered": 0.0, "percent_statements_covered_display": "0"}, "missing_lines": [133, 134, 136, 138, 139, 142, 144, 145, 147, 149, 150, 152, 159, 160, 162], "excluded_lines": [], "start_line": 131}, "main": {"executed_lines": [], "summary": {"covered_lines": 0, "num_statements": 25, "percent_covered": 0.0, "percent_covered_display": "0", "missing_lines": 25, "excluded_lines": 0, "percent_statements_covered": 0.0, "percent_statements_covered_display": "0"}, "missing_lines": [165, 166, 167, 168, 169, 170, 171, 173, 176, 177, 179, 180, 181, 182, 183, 185, 186, 187, 188, 189, 190, 191, 192, 193, 194], "excluded_lines": [], "start_line": 164}, "": {"executed_lines": [], "summary": {"covered_lines": 0, "num_statements": 19, "percent_covered": 0.0, "percent_covered_display": "0", "missing_lines": 19, "excluded_lines": 0, "percent_statements_covered": 0.0, "percent_statements_covered_display": "0"}, "missing_lines": [2, 4, 5, 6, 7, 8, 10, 11, 14, 17, 20, 22, 30, 70, 84, 131, 164, 197, 198], "excluded_lines": [], "start_line": 1}}, "classes": {"": {"executed_lines": [], "summary": {"covered_lines": 0, "num_statements": 116, "percent_covered": 0.0, "percent_covered_display": "0", "missing_lines": 116, "excluded_lines": 0, "percent_statements_covered": 0.0, "percent_statements_covered_display": "0"}, "missing_lines": [2, 4, 5, 6, 7, 8, 10, 11, 14, 17, 20, 22, 24, 25, 26, 27, 28, 30, 35, 36, 37, 38, 40, 41, 43, 44, 47, 55, 56, 57, 58, 59, 60, 66, 68, 70, 72, 73, 75, 76, 77, 78, 79, 80, 82, 84, 86, 87, 88, 90, 92, 93, 95, 96, 97, 98, 100, 103, 104, 105, 108, 109, 110, 111, 113, 114, 115, 118, 120, 121, 123, 129, 131, 133, 134, 136, 138, 139, 142, 144, 145, 147, 149, 150, 152, 159, 160, 162, 164, 165, 166, 167, 168, 169, 170, 171, 173, 176, 177, 179, 180, 181, 182, 183, 185, 186, 187, 188, 189, 190, 191, 192, 193, 194, 197, 198], "excluded_lines": [], "start_line": 1}}}, "index_repo.py": {"executed_lines": [2, 4, 5, 6, 7, 8, 9, 10, 12, 13, 15, 17, 19, 20, 21, 24, 27, 30, 31, 32, 33, 41, 42, 43, 44, 45, 46, 47, 52, 60, 64, 70, 101, 103, 104, 105, 107, 110, 113, 117, 121, 128, 218, 270, 306], "summary": {"covered_lines": 45, "num_statements": 191, "percent_covered": 23.56020942408377, "percent_covered_display": "24", "missing_lines": 146, "excluded_lines": 0, "percent_statements_covered": 23.56020942408377, "percent_statements_covered_display": "24"}, "missing_lines": [34, 35, 36, 54, 55, 56, 57, 58, 62, 65, 66, 67, 68, 74, 75, 77, 85, 86, 87, 88, 89, 96, 108, 111, 114, 115, 118, 119, 122, 123, 131, 132, 135, 136, 138, 139, 140, 142, 143, 144, 152, 154, 155, 156, 158, 166, 169, 170, 171, 173, 174, 175, 177, 178, 179, 180, 181, 182, 183, 184, 185, 186, 188, 189, 190, 191, 192, 193, 194, 195, 196, 205, 206, 207, 209, 210, 212, 213, 221, 222, 223, 224, 225, 226, 227, 228, 230, 231, 232, 234, 236, 237, 239, 241, 242, 243, 244, 245, 246, 247, 248, 249, 250, 251, 252, 253, 254, 255, 256, 257, 258, 259, 260, 261, 263, 264, 265, 271, 272, 273, 274, 275, 276, 277, 278, 279, 280, 281, 282, 283, 284, 286, 287, 288, 289, 290, 291, 292, 294, 295, 299, 300, 301, 302, 304, 307], "excluded_lines": [], "functions": {"should_skip": {"executed_lines": [], "summary": {"covered_lines": 0, "num_statements": 5, "percent_covered": 0.0, "percent_covered_display": "0", "missing_lines": 5, "excluded_lines": 0, "percent_statements_covered": 0.0, "percent_statements_covered_display": "0"}, "missing_lines": [54, 55, 56, 57, 58], "excluded_lines": [], "start_line": 52}, "file_hash": {"executed_lines": [], "summary": {"covered_lines": 0, "num_statements": 1, "percent_covered": 0.0, "percent_covered_display": "0", "missing_lines": 1, "excluded_lines": 0, "percent_statements_covered": 0.0, "percent_statements_covered_display": "0"}, "missing_lines": [62], "excluded_lines": [], "start_line": 60}, "read_text": {"executed_lines": [], "summary": {"covered_lines": 0, "num_statements": 4, "percent_covered": 0.0, "percent_covered_display": "0", "missing_lines": 4, "excluded_lines": 0, "percent_statements_covered": 0.0, "percent_statements_covered_display": "0"}, "missing_lines": [65, 66, 67, 68], "excluded_lines": [], "start_line": 64}, "chunk_file": {"executed_lines": [], "summary": {"covered_lines": 0, "num_statements": 9, "percent_covered": 0.0, "percent_covered_display": "0", "missing_lines": 9, "excluded_lines": 0, "percent_statements_covered": 0.0, "percent_statements_covered_display": "0"}, "missing_lines": [74, 75, 77, 85, 86, 87, 88, 89, 96], "excluded_lines": [], "start_line": 70}, "OllamaEmbedder.ndim": {"executed_lines": [], "summary": {"covered_lines": 0, "num_statements": 1, "percent_covered": 0.0, "percent_covered_display": "0", "missing_lines": 1, "excluded_lines": 0, "percent_statements_covered": 0.0, "percent_statements_covered_display": "0"}, "missing_lines": [108], "excluded_lines": [], "start_line": 107}, "OllamaEmbedder.ndims": {"executed_lines": [], "summary": {"covered_lines": 0, "num_statements": 1, "percent_covered": 0.0, "percent_covered_display": "0", "missing_lines": 1, "excluded_lines": 0, "percent_statements_covered": 0.0, "percent_statements_covered_display": "0"}, "missing_lines": [111], "excluded_lines": [], "start_line": 110}, "OllamaEmbedder.embed": {"executed_lines": [], "summary": {"covered_lines": 0, "num_statements": 2, "percent_covered": 0.0, "percent_covered_display": "0", "missing_lines": 2, "excluded_lines": 0, "percent_statements_covered": 0.0, "percent_statements_covered_display": "0"}, "missing_lines": [114, 115], "excluded_lines": [], "start_line": 113}, "OllamaEmbedder.compute_query_embeddings": {"executed_lines": [], "summary": {"covered_lines": 0, "num_statements": 2, "percent_covered": 0.0, "percent_covered_display": "0", "missing_lines": 2, "excluded_lines": 0, "percent_statements_covered": 0.0, "percent_statements_covered_display": "0"}, "missing_lines": [118, 119], "excluded_lines": [], "start_line": 117}, "OllamaEmbedder.compute_source_embeddings": {"executed_lines": [], "summary": {"covered_lines": 0, "num_statements": 2, "percent_covered": 0.0, "percent_covered_display": "0", "missing_lines": 2, "excluded_lines": 0, "percent_statements_covered": 0.0, "percent_statements_covered_display": "0"}, "missing_lines": [122, 123], "excluded_lines": [], "start_line": 121}, "build_index": {"executed_lines": [], "summary": {"covered_lines": 0, "num_statements": 48, "percent_covered": 0.0, "percent_covered_display": "0", "missing_lines": 48, "excluded_lines": 0, "percent_statements_covered": 0.0, "percent_statements_covered_display": "0"}, "missing_lines": [131, 132, 135, 136, 138, 139, 140, 142, 143, 144, 152, 154, 155, 156, 158, 166, 169, 170, 171, 173, 174, 175, 177, 178, 179, 180, 181, 182, 183, 184, 185, 186, 188, 189, 190, 191, 192, 193, 194, 195, 196, 205, 206, 207, 209, 210, 212, 213], "excluded_lines": [], "start_line": 128}, "search_codebase": {"executed_lines": [], "summary": {"covered_lines": 0, "num_statements": 39, "percent_covered": 0.0, "percent_covered_display": "0", "missing_lines": 39, "excluded_lines": 0, "percent_statements_covered": 0.0, "percent_statements_covered_display": "0"}, "missing_lines": [221, 222, 223, 224, 225, 226, 227, 228, 230, 231, 232, 234, 236, 237, 239, 241, 242, 243, 244, 245, 246, 247, 248, 249, 250, 251, 252, 253, 254, 255, 256, 257, 258, 259, 260, 261, 263, 264, 265], "excluded_lines": [], "start_line": 218}, "main": {"executed_lines": [], "summary": {"covered_lines": 0, "num_statements": 28, "percent_covered": 0.0, "percent_covered_display": "0", "missing_lines": 28, "excluded_lines": 0, "percent_statements_covered": 0.0, "percent_statements_covered_display": "0"}, "missing_lines": [271, 272, 273, 274, 275, 276, 277, 278, 279, 280, 281, 282, 283, 284, 286, 287, 288, 289, 290, 291, 292, 294, 295, 299, 300, 301, 302, 304], "excluded_lines": [], "start_line": 270}, "": {"executed_lines": [2, 4, 5, 6, 7, 8, 9, 10, 12, 13, 15, 17, 19, 20, 21, 24, 27, 30, 31, 32, 33, 41, 42, 43, 44, 45, 46, 47, 52, 60, 64, 70, 101, 103, 104, 105, 107, 110, 113, 117, 121, 128, 218, 270, 306], "summary": {"covered_lines": 45, "num_statements": 49, "percent_covered": 91.83673469387755, "percent_covered_display": "92", "missing_lines": 4, "excluded_lines": 0, "percent_statements_covered": 91.83673469387755, "percent_statements_covered_display": "92"}, "missing_lines": [34, 35, 36, 307], "excluded_lines": [], "start_line": 1}}, "classes": {"OllamaEmbedder": {"executed_lines": [], "summary": {"covered_lines": 0, "num_statements": 8, "percent_covered": 0.0, "percent_covered_display": "0", "missing_lines": 8, "excluded_lines": 0, "percent_statements_covered": 0.0, "percent_statements_covered_display": "0"}, "missing_lines": [108, 111, 114, 115, 118, 119, 122, 123], "excluded_lines": [], "start_line": 103}, "": {"executed_lines": [2, 4, 5, 6, 7, 8, 9, 10, 12, 13, 15, 17, 19, 20, 21, 24, 27, 30, 31, 32, 33, 41, 42, 43, 44, 45, 46, 47, 52, 60, 64, 70, 101, 103, 104, 105, 107, 110, 113, 117, 121, 128, 218, 270, 306], "summary": {"covered_lines": 45, "num_statements": 183, "percent_covered": 24.59016393442623, "percent_covered_display": "25", "missing_lines": 138, "excluded_lines": 0, "percent_statements_covered": 24.59016393442623, "percent_statements_covered_display": "25"}, "missing_lines": [34, 35, 36, 54, 55, 56, 57, 58, 62, 65, 66, 67, 68, 74, 75, 77, 85, 86, 87, 88, 89, 96, 131, 132, 135, 136, 138, 139, 140, 142, 143, 144, 152, 154, 155, 156, 158, 166, 169, 170, 171, 173, 174, 175, 177, 178, 179, 180, 181, 182, 183, 184, 185, 186, 188, 189, 190, 191, 192, 193, 194, 195, 196, 205, 206, 207, 209, 210, 212, 213, 221, 222, 223, 224, 225, 226, 227, 228, 230, 231, 232, 234, 236, 237, 239, 241, 242, 243, 244, 245, 246, 247, 248, 249, 250, 251, 252, 253, 254, 255, 256, 257, 258, 259, 260, 261, 263, 264, 265, 271, 272, 273, 274, 275, 276, 277, 278, 279, 280, 281, 282, 283, 284, 286, 287, 288, 289, 290, 291, 292, 294, 295, 299, 300, 301, 302, 304, 307], "excluded_lines": [], "start_line": 1}}}, "parse.py": {"executed_lines": [], "summary": {"covered_lines": 0, "num_statements": 36, "percent_covered": 0.0, "percent_covered_display": "0", "missing_lines": 36, "excluded_lines": 0, "percent_statements_covered": 0.0, "percent_statements_covered_display": "0"}, "missing_lines": [1, 2, 3, 4, 5, 6, 7, 10, 12, 15, 16, 17, 19, 21, 23, 25, 26, 27, 28, 29, 32, 33, 35, 36, 38, 46, 48, 49, 51, 59, 60, 61, 62, 63, 65, 66], "excluded_lines": [], "functions": {"validate_input": {"executed_lines": [], "summary": {"covered_lines": 0, "num_statements": 4, "percent_covered": 0.0, "percent_covered_display": "0", "missing_lines": 4, "excluded_lines": 0, "percent_statements_covered": 0.0, "percent_statements_covered_display": "0"}, "missing_lines": [15, 16, 17, 19], "excluded_lines": [], "start_line": 12}, "calc_checksum": {"executed_lines": [], "summary": {"covered_lines": 0, "num_statements": 1, "percent_covered": 0.0, "percent_covered_display": "0", "missing_lines": 1, "excluded_lines": 0, "percent_statements_covered": 0.0, "percent_statements_covered_display": "0"}, "missing_lines": [23], "excluded_lines": [], "start_line": 21}, "main": {"executed_lines": [], "summary": {"covered_lines": 0, "num_statements": 18, "percent_covered": 0.0, "percent_covered_display": "0", "missing_lines": 18, "excluded_lines": 0, "percent_statements_covered": 0.0, "percent_statements_covered_display": "0"}, "missing_lines": [26, 27, 28, 29, 32, 33, 35, 36, 38, 46, 48, 49, 51, 59, 60, 61, 62, 63], "excluded_lines": [], "start_line": 25}, "": {"executed_lines": [], "summary": {"covered_lines": 0, "num_statements": 13, "percent_covered": 0.0, "percent_covered_display": "0", "missing_lines": 13, "excluded_lines": 0, "percent_statements_covered": 0.0, "percent_statements_covered_display": "0"}, "missing_lines": [1, 2, 3, 4, 5, 6, 7, 10, 12, 21, 25, 65, 66], "excluded_lines": [], "start_line": 1}}, "classes": {"": {"executed_lines": [], "summary": {"covered_lines": 0, "num_statements": 36, "percent_covered": 0.0, "percent_covered_display": "0", "missing_lines": 36, "excluded_lines": 0, "percent_statements_covered": 0.0, "percent_statements_covered_display": "0"}, "missing_lines": [1, 2, 3, 4, 5, 6, 7, 10, 12, 15, 16, 17, 19, 21, 23, 25, 26, 27, 28, 29, 32, 33, 35, 36, 38, 46, 48, 49, 51, 59, 60, 61, 62, 63, 65, 66], "excluded_lines": [], "start_line": 1}}}, "project_map_tool.py": {"executed_lines": [7, 8, 9, 10, 13, 16, 22, 81, 110, 136], "summary": {"covered_lines": 10, "num_statements": 78, "percent_covered": 12.820512820512821, "percent_covered_display": "13", "missing_lines": 68, "excluded_lines": 0, "percent_statements_covered": 12.820512820512821, "percent_statements_covered_display": "13"}, "missing_lines": [18, 19, 39, 41, 42, 43, 44, 45, 47, 48, 50, 51, 52, 53, 56, 57, 58, 61, 62, 63, 66, 67, 68, 71, 72, 73, 74, 75, 76, 78, 92, 93, 94, 95, 98, 99, 100, 101, 103, 104, 105, 106, 107, 120, 121, 122, 123, 124, 130, 131, 132, 133, 137, 139, 140, 141, 143, 145, 147, 148, 149, 151, 152, 154, 155, 156, 157, 158], "excluded_lines": [], "functions": {"load_project_map": {"executed_lines": [], "summary": {"covered_lines": 0, "num_statements": 2, "percent_covered": 0.0, "percent_covered_display": "0", "missing_lines": 2, "excluded_lines": 0, "percent_statements_covered": 0.0, "percent_statements_covered_display": "0"}, "missing_lines": [18, 19], "excluded_lines": [], "start_line": 16}, "search_relevant_files": {"executed_lines": [], "summary": {"covered_lines": 0, "num_statements": 28, "percent_covered": 0.0, "percent_covered_display": "0", "missing_lines": 28, "excluded_lines": 0, "percent_statements_covered": 0.0, "percent_statements_covered_display": "0"}, "missing_lines": [39, 41, 42, 43, 44, 45, 47, 48, 50, 51, 52, 53, 56, 57, 58, 61, 62, 63, 66, 67, 68, 71, 72, 73, 74, 75, 76, 78], "excluded_lines": [], "start_line": 22}, "load_file_content": {"executed_lines": [], "summary": {"covered_lines": 0, "num_statements": 13, "percent_covered": 0.0, "percent_covered_display": "0", "missing_lines": 13, "excluded_lines": 0, "percent_statements_covered": 0.0, "percent_statements_covered_display": "0"}, "missing_lines": [92, 93, 94, 95, 98, 99, 100, 101, 103, 104, 105, 106, 107], "excluded_lines": [], "start_line": 81}, "get_file_metadata": {"executed_lines": [], "summary": {"covered_lines": 0, "num_statements": 9, "percent_covered": 0.0, "percent_covered_display": "0", "missing_lines": 9, "excluded_lines": 0, "percent_statements_covered": 0.0, "percent_statements_covered_display": "0"}, "missing_lines": [120, 121, 122, 123, 124, 130, 131, 132, 133], "excluded_lines": [], "start_line": 110}, "": {"executed_lines": [7, 8, 9, 10, 13, 16, 22, 81, 110, 136], "summary": {"covered_lines": 10, "num_statements": 26, "percent_covered": 38.46153846153846, "percent_covered_display": "38", "missing_lines": 16, "excluded_lines": 0, "percent_statements_covered": 38.46153846153846, "percent_statements_covered_display": "38"}, "missing_lines": [137, 139, 140, 141, 143, 145, 147, 148, 149, 151, 152, 154, 155, 156, 157, 158], "excluded_lines": [], "start_line": 1}}, "classes": {"": {"executed_lines": [7, 8, 9, 10, 13, 16, 22, 81, 110, 136], "summary": {"covered_lines": 10, "num_statements": 78, "percent_covered": 12.820512820512821, "percent_covered_display": "13", "missing_lines": 68, "excluded_lines": 0, "percent_statements_covered": 12.820512820512821, "percent_statements_covered_display": "13"}, "missing_lines": [18, 19, 39, 41, 42, 43, 44, 45, 47, 48, 50, 51, 52, 53, 56, 57, 58, 61, 62, 63, 66, 67, 68, 71, 72, 73, 74, 75, 76, 78, 92, 93, 94, 95, 98, 99, 100, 101, 103, 104, 105, 106, 107, 120, 121, 122, 123, 124, 130, 131, 132, 133, 137, 139, 140, 141, 143, 145, 147, 148, 149, 151, 152, 154, 155, 156, 157, 158], "excluded_lines": [], "start_line": 1}}}, "pytest_coverage_runner.py": {"executed_lines": [], "summary": {"covered_lines": 0, "num_statements": 21, "percent_covered": 0.0, "percent_covered_display": "0", "missing_lines": 21, "excluded_lines": 0, "percent_statements_covered": 0.0, "percent_statements_covered_display": "0"}, "missing_lines": [1, 2, 3, 5, 15, 16, 17, 18, 20, 21, 22, 23, 24, 25, 26, 27, 28, 30, 31, 32, 33], "excluded_lines": [], "functions": {"run_pytest_with_coverage": {"executed_lines": [], "summary": {"covered_lines": 0, "num_statements": 13, "percent_covered": 0.0, "percent_covered_display": "0", "missing_lines": 13, "excluded_lines": 0, "percent_statements_covered": 0.0, "percent_statements_covered_display": "0"}, "missing_lines": [15, 16, 17, 18, 20, 21, 22, 23, 24, 25, 26, 27, 28], "excluded_lines": [], "start_line": 5}, "": {"executed_lines": [], "summary": {"covered_lines": 0, "num_statements": 8, "percent_covered": 0.0, "percent_covered_display": "0", "missing_lines": 8, "excluded_lines": 0, "percent_statements_covered": 0.0, "percent_statements_covered_display": "0"}, "missing_lines": [1, 2, 3, 5, 30, 31, 32, 33], "excluded_lines": [], "start_line": 1}}, "classes": {"": {"executed_lines": [], "summary": {"covered_lines": 0, "num_statements": 21, "percent_covered": 0.0, "percent_covered_display": "0", "missing_lines": 21, "excluded_lines": 0, "percent_statements_covered": 0.0, "percent_statements_covered_display": "0"}, "missing_lines": [1, 2, 3, 5, 15, 16, 17, 18, 20, 21, 22, 23, 24, 25, 26, 27, 28, 30, 31, 32, 33], "excluded_lines": [], "start_line": 1}}}, "run_brain_task.py": {"executed_lines": [], "summary": {"covered_lines": 0, "num_statements": 16, "percent_covered": 0.0, "percent_covered_display": "0", "missing_lines": 16, "excluded_lines": 0, "percent_statements_covered": 0.0, "percent_statements_covered_display": "0"}, "missing_lines": [2, 3, 4, 6, 8, 9, 10, 11, 12, 13, 15, 16, 17, 18, 19, 20], "excluded_lines": [], "functions": {"run_brain_task": {"executed_lines": [], "summary": {"covered_lines": 0, "num_statements": 5, "percent_covered": 0.0, "percent_covered_display": "0", "missing_lines": 5, "excluded_lines": 0, "percent_statements_covered": 0.0, "percent_statements_covered_display": "0"}, "missing_lines": [9, 10, 11, 12, 13], "excluded_lines": [], "start_line": 8}, "": {"executed_lines": [], "summary": {"covered_lines": 0, "num_statements": 11, "percent_covered": 0.0, "percent_covered_display": "0", "missing_lines": 11, "excluded_lines": 0, "percent_statements_covered": 0.0, "percent_statements_covered_display": "0"}, "missing_lines": [2, 3, 4, 6, 8, 15, 16, 17, 18, 19, 20], "excluded_lines": [], "start_line": 1}}, "classes": {"": {"executed_lines": [], "summary": {"covered_lines": 0, "num_statements": 16, "percent_covered": 0.0, "percent_covered_display": "0", "missing_lines": 16, "excluded_lines": 0, "percent_statements_covered": 0.0, "percent_statements_covered_display": "0"}, "missing_lines": [2, 3, 4, 6, 8, 9, 10, 11, 12, 13, 15, 16, 17, 18, 19, 20], "excluded_lines": [], "start_line": 1}}}, "sample_module.py": {"executed_lines": [], "summary": {"covered_lines": 0, "num_statements": 13, "percent_covered": 0.0, "percent_covered_display": "0", "missing_lines": 13, "excluded_lines": 0, "percent_statements_covered": 0.0, "percent_statements_covered_display": "0"}, "missing_lines": [4, 6, 9, 11, 12, 13, 14, 17, 20, 21, 24, 26, 29], "excluded_lines": [], "functions": {"simple_func": {"executed_lines": [], "summary": {"covered_lines": 0, "num_statements": 1, "percent_covered": 0.0, "percent_covered_display": "0", "missing_lines": 1, "excluded_lines": 0, "percent_statements_covered": 0.0, "percent_statements_covered_display": "0"}, "missing_lines": [6], "excluded_lines": [], "start_line": 4}, "complex_func": {"executed_lines": [], "summary": {"covered_lines": 0, "num_statements": 4, "percent_covered": 0.0, "percent_covered_display": "0", "missing_lines": 4, "excluded_lines": 0, "percent_statements_covered": 0.0, "percent_statements_covered_display": "0"}, "missing_lines": [11, 12, 13, 14], "excluded_lines": [], "start_line": 9}, "MyClass.method": {"executed_lines": [], "summary": {"covered_lines": 0, "num_statements": 1, "percent_covered": 0.0, "percent_covered_display": "0", "missing_lines": 1, "excluded_lines": 0, "percent_statements_covered": 0.0, "percent_statements_covered_display": "0"}, "missing_lines": [21], "excluded_lines": [], "start_line": 20}, "another_func": {"executed_lines": [], "summary": {"covered_lines": 0, "num_statements": 2, "percent_covered": 0.0, "percent_covered_display": "0", "missing_lines": 2, "excluded_lines": 0, "percent_statements_covered": 0.0, "percent_statements_covered_display": "0"}, "missing_lines": [26, 29], "excluded_lines": [], "start_line": 24}, "": {"executed_lines": [], "summary": {"covered_lines": 0, "num_statements": 5, "percent_covered": 0.0, "percent_covered_display": "0", "missing_lines": 5, "excluded_lines": 0, "percent_statements_covered": 0.0, "percent_statements_covered_display": "0
[...]
35, 137, 138, 140, 141], "excluded_lines": [], "functions": {"search_security_patterns": {"executed_lines": [], "summary": {"covered_lines": 0, "num_statements": 18, "percent_covered": 0.0, "percent_covered_display": "0", "missing_lines": 18, "excluded_lines": 0, "percent_statements_covered": 0.0, "percent_statements_covered_display": "0"}, "missing_lines": [65, 68, 69, 70, 73, 74, 75, 77, 78, 79, 80, 81, 82, 83, 84, 86, 87, 92], "excluded_lines": [], "start_line": 54}, "_generate_recommendations": {"executed_lines": [], "summary": {"covered_lines": 0, "num_statements": 12, "percent_covered": 0.0, "percent_covered_display": "0", "missing_lines": 12, "excluded_lines": 0, "percent_statements_covered": 0.0, "percent_statements_covered_display": "0"}, "missing_lines": [101, 103, 104, 108, 109, 113, 114, 118, 119, 123, 124, 128], "excluded_lines": [], "start_line": 99}, "main": {"executed_lines": [], "summary": {"covered_lines": 0, "num_statements": 7, "percent_covered": 0.0, "percent_covered_display": "0", "missing_lines": 7, "excluded_lines": 0, "percent_statements_covered": 0.0, "percent_statements_covered_display": "0"}, "missing_lines": [131, 132, 133, 134, 135, 137, 138], "excluded_lines": [], "start_line": 130}, "": {"executed_lines": [], "summary": {"covered_lines": 0, "num_statements": 13, "percent_covered": 0.0, "percent_covered_display": "0", "missing_lines": 13, "excluded_lines": 0, "percent_statements_covered": 0.0, "percent_statements_covered_display": "0"}, "missing_lines": [7, 8, 9, 10, 11, 12, 14, 17, 54, 99, 130, 140, 141], "excluded_lines": [], "start_line": 1}}, "classes": {"": {"executed_lines": [], "summary": {"covered_lines": 0, "num_statements": 50, "percent_covered": 0.0, "percent_covered_display": "0", "missing_lines": 50, "excluded_lines": 0, "percent_statements_covered": 0.0, "percent_statements_covered_display": "0"}, "missing_lines": [7, 8, 9, 10, 11, 12, 14, 17, 54, 65, 68, 69, 70, 73, 74, 75, 77, 78, 79, 80, 81, 82, 83, 84, 86, 87, 92, 99, 101, 103, 104, 108, 109, 113, 114, 118, 119, 123, 124, 128, 130, 131, 132, 133, 134, 135, 137, 138, 140, 141], "excluded_lines": [], "start_line": 1}}}, "test_code_puppy_tool.py": {"executed_lines": [1, 2, 3, 4, 6, 7, 9, 11, 12, 14, 15, 20, 22, 23, 25, 27, 28, 30, 31, 36, 38, 39, 41, 43, 44, 46, 47, 53, 54, 56, 57, 59, 61, 62, 64, 65, 71, 73, 74, 78, 79, 81, 82, 84, 86, 87], "summary": {"covered_lines": 46, "num_statements": 50, "percent_covered": 92.0, "percent_covered_display": "92", "missing_lines": 4, "excluded_lines": 0, "percent_statements_covered": 92.0, "percent_statements_covered_display": "92"}, "missing_lines": [76, 88, 89, 90], "excluded_lines": [], "functions": {"TestMain.test_main_imports": {"executed_lines": [9], "summary": {"covered_lines": 1, "num_statements": 1, "percent_covered": 100.0, "percent_covered_display": "100", "missing_lines": 0, "excluded_lines": 0, "percent_statements_covered": 100.0, "percent_statements_covered_display": "100"}, "missing_lines": [], "excluded_lines": [], "start_line": 7}, "TestMain.test_process_query_called": {"executed_lines": [14, 15, 20, 22, 23, 25], "summary": {"covered_lines": 6, "num_statements": 6, "percent_covered": 100.0, "percent_covered_display": "100", "missing_lines": 0, "excluded_lines": 0, "percent_statements_covered": 100.0, "percent_statements_covered_display": "100"}, "missing_lines": [], "excluded_lines": [], "start_line": 12}, "TestMain.test_results_printed": {"executed_lines": [30, 31, 36, 38, 39, 41], "summary": {"covered_lines": 6, "num_statements": 6, "percent_covered": 100.0, "percent_covered_display": "100", "missing_lines": 0, "excluded_lines": 0, "percent_statements_covered": 100.0, "percent_statements_covered_display": "100"}, "missing_lines": [], "excluded_lines": [], "start_line": 28}, "TestMain.test_critique_displayed_when_true": {"executed_lines": [46, 47, 53, 54, 56, 57, 59], "summary": {"covered_lines": 7, "num_statements": 7, "percent_covered": 100.0, "percent_covered_display": "100", "missing_lines": 0, "excluded_lines": 0, "percent_statements_covered": 100.0, "percent_statements_covered_display": "100"}, "missing_lines": [], "excluded_lines": [], "start_line": 44}, "TestMain.test_no_critique_when_flag": {"executed_lines": [64, 65, 71, 73, 74], "summary": {"covered_lines": 5, "num_statements": 6, "percent_covered": 83.33333333333333, "percent_covered_display": "83", "missing_lines": 1, "excluded_lines": 0, "percent_statements_covered": 83.33333333333333, "percent_statements_covered_display": "83"}, "missing_lines": [76], "excluded_lines": [], "start_line": 62}, "TestCodePuppyTool.test_code_puppy_tool_instantiates": {"executed_lines": [81, 82], "summary": {"covered_lines": 2, "num_statements": 2, "percent_covered": 100.0, "percent_covered_display": "100", "missing_lines": 0, "excluded_lines": 0, "percent_statements_covered": 100.0, "percent_statements_covered_display": "100"}, "missing_lines": [], "excluded_lines": [], "start_line": 79}, "TestCodePuppyTool.test_code_puppy_tool_has_methods": {"executed_lines": [86, 87], "summary": {"covered_lines": 2, "num_statements": 5, "percent_covered": 40.0, "percent_covered_display": "40", "missing_lines": 3, "excluded_lines": 0, "percent_statements_covered": 40.0, "percent_statements_covered_display": "40"}, "missing_lines": [88, 89, 90], "excluded_lines": [], "start_line": 84}, "": {"executed_lines": [1, 2, 3, 4, 6, 7, 11, 12, 27, 28, 43, 44, 61, 62, 78, 79, 84], "summary": {"covered_lines": 17, "num_statements": 17, "percent_covered": 100.0, "percent_covered_display": "100", "missing_lines": 0, "excluded_lines": 0, "percent_statements_covered": 100.0, "percent_statements_covered_display": "100"}, "missing_lines": [], "excluded_lines": [], "start_line": 1}}, "classes": {"TestMain": {"executed_lines": [9, 14, 15, 20, 22, 23, 25, 30, 31, 36, 38, 39, 41, 46, 47, 53, 54, 56, 57, 59, 64, 65, 71, 73, 74], "summary": {"covered_lines": 25, "num_statements": 26, "percent_covered": 96.15384615384616, "percent_covered_display": "96", "missing_lines": 1, "excluded_lines": 0, "percent_statements_covered": 96.15384615384616, "percent_statements_covered_display": "96"}, "missing_lines": [76], "excluded_lines": [], "start_line": 6}, "TestCodePuppyTool": {"executed_lines": [81, 82, 86, 87], "summary": {"covered_lines": 4, "num_statements": 7, "percent_covered": 57.142857142857146, "percent_covered_display": "57", "missing_lines": 3, "excluded_lines": 0, "percent_statements_covered": 57.142857142857146, "percent_statements_covered_display": "57"}, "missing_lines": [88, 89, 90], "excluded_lines": [], "start_line": 78}, "": {"executed_lines": [1, 2, 3, 4, 6, 7, 11, 12, 27, 28, 43, 44, 61, 62, 78, 79, 84], "summary": {"covered_lines": 17, "num_statements": 17, "percent_covered": 100.0, "percent_covered_display": "100", "missing_lines": 0, "excluded_lines": 0, "percent_statements_covered": 100.0, "percent_statements_covered_display": "100"}, "missing_lines": [], "excluded_lines": [], "start_line": 1}}}, "test_error_log.py": {"executed_lines": [2, 3, 4, 5, 6, 7, 10, 11, 14, 17, 18, 21, 26, 27, 30, 31, 34, 35, 36, 37, 38, 43, 44], "summary": {"covered_lines": 23, "num_statements": 24, "percent_covered": 95.83333333333333, "percent_covered_display": "96", "missing_lines": 1, "excluded_lines": 0, "percent_statements_covered": 95.83333333333333, "percent_statements_covered_display": "96"}, "missing_lines": [40], "excluded_lines": [], "functions": {"": {"executed_lines": [2, 3, 4, 5, 6, 7, 10, 11, 14, 17, 18, 21, 26, 27, 30, 31, 34, 35, 36, 37, 38, 43, 44], "summary": {"covered_lines": 23, "num_statements": 24, "percent_covered": 95.83333333333333, "percent_covered_display": "96", "missing_lines": 1, "excluded_lines": 0, "percent_statements_covered": 95.83333333333333, "percent_statements_covered_display": "96"}, "missing_lines": [40], "excluded_lines": [], "start_line": 1}}, "classes": {"": {"executed_lines": [2, 3, 4, 5, 6, 7, 10, 11, 14, 17, 18, 21, 26, 27, 30, 31, 34, 35, 36, 37, 38, 43, 44], "summary": {"covered_lines": 23, "num_statements": 24, "percent_covered": 95.83333333333333, "percent_covered_display": "96", "missing_lines": 1, "excluded_lines": 0, "percent_statements_covered": 95.83333333333333, "percent_statements_covered_display": "96"}, "missing_lines": [40], "excluded_lines": [], "start_line": 1}}}, "test_generator.py": {"executed_lines": [7, 8, 9, 10, 12, 20, 58, 106], "summary": {"covered_lines": 8, "num_statements": 53, "percent_covered": 15.09433962264151, "percent_covered_display": "15", "missing_lines": 45, "excluded_lines": 0, "percent_statements_covered": 15.09433962264151, "percent_statements_covered_display": "15"}, "missing_lines": [17, 18, 28, 29, 30, 31, 34, 35, 36, 39, 40, 41, 43, 45, 46, 47, 49, 50, 52, 53, 55, 56, 64, 67, 68, 69, 70, 71, 73, 74, 75, 78, 86, 87, 88, 89, 90, 92, 93, 98, 100, 107, 108, 109, 110], "excluded_lines": [], "functions": {"extract_function_names": {"executed_lines": [], "summary": {"covered_lines": 0, "num_statements": 2, "percent_covered": 0.0, "percent_covered_display": "0", "missing_lines": 2, "excluded_lines": 0, "percent_statements_covered": 0.0, "percent_statements_covered_display": "0"}, "missing_lines": [17, 18], "excluded_lines": [], "start_line": 12}, "get_full_function": {"executed_lines": [], "summary": {"covered_lines": 0, "num_statements": 20, "percent_covered": 0.0, "percent_covered_display": "0", "missing_lines": 20, "excluded_lines": 0, "percent_statements_covered": 0.0, "percent_statements_covered_display": "0"}, "missing_lines": [28, 29, 30, 31, 34, 35, 36, 39, 40, 41, 43, 45, 46, 47, 49, 50, 52, 53, 55, 56], "excluded_lines": [], "start_line": 20}, "generate_tests": {"executed_lines": [], "summary": {"covered_lines": 0, "num_statements": 19, "percent_covered": 0.0, "percent_covered_display": "0", "missing_lines": 19, "excluded_lines": 0, "percent_statements_covered": 0.0, "percent_statements_covered_display": "0"}, "missing_lines": [64, 67, 68, 69, 70, 71, 73, 74, 75, 78, 86, 87, 88, 89, 90, 92, 93, 98, 100], "excluded_lines": [], "start_line": 58}, "": {"executed_lines": [7, 8, 9, 10, 12, 20, 58, 106], "summary": {"covered_lines": 8, "num_statements": 12, "percent_covered": 66.66666666666667, "percent_covered_display": "67", "missing_lines": 4, "excluded_lines": 0, "percent_statements_covered": 66.66666666666667, "percent_statements_covered_display": "67"}, "missing_lines": [107, 108, 109, 110], "excluded_lines": [], "start_line": 1}}, "classes": {"": {"executed_lines": [7, 8, 9, 10, 12, 20, 58, 106], "summary": {"covered_lines": 8, "num_statements": 53, "percent_covered": 15.09433962264151, "percent_covered_display": "15", "missing_lines": 45, "excluded_lines": 0, "percent_statements_covered": 15.09433962264151, "percent_statements_covered_display": "15"}, "missing_lines": [17, 18, 28, 29, 30, 31, 34, 35, 36, 39, 40, 41, 43, 45, 46, 47, 49, 50, 52, 53, 55, 56, 64, 67, 68, 69, 70, 71, 73, 74, 75, 78, 86, 87, 88, 89, 90, 92, 93, 98, 100, 107, 108, 109, 110], "excluded_lines": [], "start_line": 1}}}, "test_search_comparison.py": {"executed_lines": [4, 6, 39], "summary": {"covered_lines": 3, "num_statements": 29, "percent_covered": 10.344827586206897, "percent_covered_display": "10", "missing_lines": 26, "excluded_lines": 0, "percent_statements_covered": 10.344827586206897, "percent_statements_covered_display": "10"}, "missing_lines": [8, 9, 10, 11, 12, 14, 15, 22, 23, 24, 26, 27, 28, 29, 31, 32, 33, 34, 36, 37, 41, 49, 57, 64, 65, 66], "excluded_lines": [], "functions": {"run_search": {"executed_lines": [], "summary": {"covered_lines": 0, "num_statements": 20, "percent_covered": 0.0, "percent_covered_display": "0", "missing_lines": 20, "excluded_lines": 0, "percent_statements_covered": 0.0, "percent_statements_covered_display": "0"}, "missing_lines": [8, 9, 10, 11, 12, 14, 15, 22, 23, 24, 26, 27, 28, 29, 31, 32, 33, 34, 36, 37], "excluded_lines": [], "start_line": 6}, "": {"executed_lines": [4, 6, 39], "summary": {"covered_lines": 3, "num_statements": 9, "percent_covered": 33.333333333333336, "percent_covered_display": "33", "missing_lines": 6, "excluded_lines": 0, "percent_statements_covered": 33.333333333333336, "percent_statements_covered_display": "33"}, "missing_lines": [41, 49, 57, 64, 65, 66], "excluded_lines": [], "start_line": 1}}, "classes": {"": {"executed_lines": [4, 6, 39], "summary": {"covered_lines": 3, "num_statements": 29, "percent_covered": 10.344827586206897, "percent_covered_display": "10", "missing_lines": 26, "excluded_lines": 0, "percent_statements_covered": 10.344827586206897, "percent_statements_covered_display": "10"}, "missing_lines": [8, 9, 10, 11, 12, 14, 15, 22, 23, 24, 26, 27, 28, 29, 31, 32, 33, 34, 36, 37, 41, 49, 57, 64, 65, 66], "excluded_lines": [], "start_line": 1}}}, "untested_code_finder.py": {"executed_lines": [], "summary": {"covered_lines": 0, "num_statements": 75, "percent_covered": 0.0, "percent_covered_display": "0", "missing_lines": 75, "excluded_lines": 0, "percent_statements_covered": 0.0, "percent_statements_covered_display": "0"}, "missing_lines": [9, 10, 11, 12, 13, 16, 18, 21, 31, 35, 36, 37, 39, 50, 56, 57, 58, 59, 60, 61, 62, 64, 66, 68, 72, 73, 74, 75, 76, 78, 82, 87, 88, 89, 90, 91, 92, 93, 94, 99, 101, 105, 110, 111, 113, 114, 115, 116, 117, 118, 120, 122, 126, 127, 132, 133, 134, 135, 136, 139, 140, 141, 142, 143, 144, 145, 147, 148, 149, 150, 151, 152, 153, 156, 157], "excluded_lines": [], "functions": {"UntestedCodeFinder.__init__": {"executed_lines": [], "summary": {"covered_lines": 0, "num_statements": 3, "percent_covered": 0.0, "percent_covered_display": "0", "missing_lines": 3, "excluded_lines": 0, "percent_statements_covered": 0.0, "percent_statements_covered_display": "0"}, "missing_lines": [35, 36, 37], "excluded_lines": [], "start_line": 31}, "UntestedCodeFinder.find_untested_code": {"executed_lines": [], "summary": {"covered_lines": 0, "num_statements": 10, "percent_covered": 0.0, "percent_covered_display": "0", "missing_lines": 10, "excluded_lines": 0, "percent_statements_covered": 0.0, "percent_statements_covered_display": "0"}, "missing_lines": [50, 56, 57, 58, 59, 60, 61, 62, 64, 66], "excluded_lines": [], "start_line": 39}, "UntestedCodeFinder._parse_coverage_report": {"executed_lines": [], "summary": {"covered_lines": 0, "num_statements": 5, "percent_covered": 0.0, "percent_covered_display": "0", "missing_lines": 5, "excluded_lines": 0, "percent_statements_covered": 0.0, "percent_statements_covered_display": "0"}, "missing_lines": [72, 73, 74, 75, 76], "excluded_lines": [], "start_line": 68}, "UntestedCodeFinder._analyze_coverage_data": {"executed_lines": [], "summary": {"covered_lines": 0, "num_statements": 10, "percent_covered": 0.0, "percent_covered_display": "0", "missing_lines": 10, "excluded_lines": 0, "percent_statements_covered": 0.0, "percent_statements_covered_display": "0"}, "missing_lines": [82, 87, 88, 89, 90, 91, 92, 93, 94, 99], "excluded_lines": [], "start_line": 78}, "UntestedCodeFinder._analyze_heuristic": {"executed_lines": [], "summary": {"covered_lines": 0, "num_statements": 10, "percent_covered": 0.0, "percent_covered_display": "0", "missing_lines": 10, "excluded_lines": 0, "percent_statements_covered": 0.0, "percent_statements_covered_display": "0"}, "missing_lines": [105, 110, 111, 113, 114, 115, 116, 117, 118, 120], "excluded_lines": [], "start_line": 101}, "UntestedCodeFinder._find_corresponding_test": {"executed_lines": [], "summary": {"covered_lines": 0, "num_statements": 7, "percent_covered": 0.0, "percent_covered_display": "0", "missing_lines": 7, "excluded_lines": 0, "percent_statements_covered": 0.0, "percent_statements_covered_display": "0"}, "missing_lines": [126, 127, 132, 133, 134, 135, 136], "excluded_lines": [], "start_line": 122}, "main": {"executed_lines": [], "summary": {"covered_lines": 0, "num_statements": 13, "percent_covered": 0.0, "percent_covered_display": "0", "missing_lines": 13, "excluded_lines": 0, "percent_statements_covered": 0.0, "percent_statements_covered_display": "0"}, "missing_lines": [140, 141, 142, 143, 144, 145, 147, 148, 149, 150, 151, 152, 153], "excluded_lines": [], "start_line": 139}, "": {"executed_lines": [], "summary": {"covered_lines": 0, "num_statements": 17, "percent_covered": 0.0, "percent_covered_display": "0", "missing_lines": 17, "excluded_lines": 0, "percent_statements_covered": 0.0, "percent_statements_covered_display": "0"}, "missing_lines": [9, 10, 11, 12, 13, 16, 18, 21, 31, 39, 68, 78, 101, 122, 139, 156, 157], "excluded_lines": [], "start_line": 1}}, "classes": {"CodeCoverageError": {"executed_lines": [], "summary": {"covered_lines": 0, "num_statements": 0, "percent_covered": 100.0, "percent_covered_display": "100", "missing_lines": 0, "excluded_lines": 0, "percent_statements_covered": 100.0, "percent_statements_covered_display": "100"}, "missing_lines": [], "excluded_lines": [], "start_line": 16}, "UntestedCodeFinder": {"executed_lines": [], "summary": {"covered_lines": 0, "num_statements": 45, "percent_covered": 0.0, "percent_covered_display": "0", "missing_lines": 45, "excluded_lines": 0, "percent_statements_covered": 0.0, "percent_statements_covered_display": "0"}, "missing_lines": [35, 36, 37, 50, 56, 57, 58, 59, 60, 61, 62, 64, 66, 72, 73, 74, 75, 76, 82, 87, 88, 89, 90, 91, 92, 93, 94, 99, 105, 110, 111, 113, 114, 115, 116, 117, 118, 120, 126, 127, 132, 133, 134, 135, 136], "excluded_lines": [], "start_line": 21}, "": {"executed_lines": [], "summary": {"covered_lines": 0, "num_statements": 30, "percent_covered": 0.0, "percent_covered_display": "0", "missing_lines": 30, "excluded_lines": 0, "percent_statements_covered": 0.0, "percent_statements_covered_display": "0"}, "missing_lines": [9, 10, 11, 12, 13, 16, 18, 21, 31, 39, 68, 78, 101, 122, 139, 140, 141, 142, 143, 144, 145, 147, 148, 149, 150, 151, 152, 153, 156, 157], "excluded_lines": [], "start_line": 1}}}, "validation.py": {"executed_lines": [10, 12, 18], "summary": {"covered_lines": 3, "num_statements": 11, "percent_covered": 27.272727272727273, "percent_covered_display": "27", "missing_lines": 8, "excluded_lines": 0, "percent_statements_covered": 27.272727272727273, "percent_statements_covered_display": "27"}, "missing_lines": [14, 15, 16, 20, 21, 22, 23, 24], "excluded_lines": [], "functions": {"ensure_str": {"executed_lines": [], "summary": {"covered_lines": 0, "num_statements": 3, "percent_covered": 0.0, "percent_covered_display": "0", "missing_lines": 3, "excluded_lines": 0, "percent_statements_covered": 0.0, "percent_statements_covered_display": "0"}, "missing_lines": [14, 15, 16], "excluded_lines": [], "start_line": 12}, "ensure_positive_int": {"executed_lines": [], "summary": {"covered_lines": 0, "num_statements": 5, "percent_covered": 0.0, "percent_covered_display": "0", "missing_lines": 5, "excluded_lines": 0, "percent_statements_covered": 0.0, "percent_statements_covered_display": "0"}, "missing_lines": [20, 21, 22, 23, 24], "excluded_lines": [], "start_line": 18}, "": {"executed_lines": [10, 12, 18], "summary": {"covered_lines": 3, "num_statements": 3, "percent_covered": 100.0, "percent_covered_display": "100", "missing_lines": 0, "excluded_lines": 0, "percent_statements_covered": 100.0, "percent_statements_covered_display": "100"}, "missing_lines": [], "excluded_lines": [], "start_line": 1}}, "classes": {"": {"executed_lines": [10, 12, 18], "summary": {"covered_lines": 3, "num_statements": 11, "percent_covered": 27.272727272727273, "percent_covered_display": "27", "missing_lines": 8, "excluded_lines": 0, "percent_statements_covered": 27.272727272727273, "percent_statements_covered_display": "27"}, "missing_lines": [14, 15, 16, 20, 21, 22, 23, 24], "excluded_lines": [], "start_line": 1}}}}, "totals": {"covered_lines": 431, "num_statements": 1829, "percent_covered": 23.56478950246036, "percent_covered_display": "24", "missing_lines": 1398, "excluded_lines": 0, "percent_statements_covered": 23.56478950246036, "percent_statements_covered_display": "24"}}